0 info it worked if it ends with ok
1 verbose cli [ 'C:\\Program Files\\nodejs\\node.exe',
1 verbose cli   'C:\\Program Files\\nodejs\\node_modules\\npm\\bin\\npm-cli.js',
1 verbose cli   'install',
1 verbose cli   'bcrypt',
1 verbose cli   '--save' ]
2 info using npm@3.6.0
3 info using node@v5.6.0
4 silly loadCurrentTree Starting
5 silly install loadCurrentTree
6 silly install readLocalPackageData
7 silly fetchPackageMetaData bcrypt
8 silly fetchNamedPackageData bcrypt
9 silly mapToRegistry name bcrypt
10 silly mapToRegistry using default registry
11 silly mapToRegistry registry https://registry.npmjs.org/
12 silly mapToRegistry uri https://registry.npmjs.org/bcrypt
13 verbose request uri https://registry.npmjs.org/bcrypt
14 verbose request no auth needed
15 info attempt registry request try #1 at 21:05:39
16 verbose request id 823bc18e69f54cf4
17 verbose etag "60EA6D7GNB43T4OUT22NCTTUI"
18 http request GET https://registry.npmjs.org/bcrypt
19 http 304 https://registry.npmjs.org/bcrypt
20 verbose headers { date: 'Mon, 29 Feb 2016 00:05:40 GMT',
20 verbose headers   via: '1.1 varnish',
20 verbose headers   'cache-control': 'max-age=300',
20 verbose headers   etag: '"60EA6D7GNB43T4OUT22NCTTUI"',
20 verbose headers   age: '0',
20 verbose headers   connection: 'keep-alive',
20 verbose headers   'x-served-by': 'cache-atl6243-ATL',
20 verbose headers   'x-cache': 'HIT',
20 verbose headers   'x-cache-hits': '1',
20 verbose headers   'x-timer': 'S1456704340.132582,VS0,VE34',
20 verbose headers   vary: 'Accept' }
21 silly get cb [ 304,
21 silly get   { date: 'Mon, 29 Feb 2016 00:05:40 GMT',
21 silly get     via: '1.1 varnish',
21 silly get     'cache-control': 'max-age=300',
21 silly get     etag: '"60EA6D7GNB43T4OUT22NCTTUI"',
21 silly get     age: '0',
21 silly get     connection: 'keep-alive',
21 silly get     'x-served-by': 'cache-atl6243-ATL',
21 silly get     'x-cache': 'HIT',
21 silly get     'x-cache-hits': '1',
21 silly get     'x-timer': 'S1456704340.132582,VS0,VE34',
21 silly get     vary: 'Accept' } ]
22 verbose etag https://registry.npmjs.org/bcrypt from cache
23 verbose get saving bcrypt to C:\Users\Administrador\AppData\Roaming\npm-cache\registry.npmjs.org\bcrypt\.cache.json
24 verbose correctMkdir C:\Users\Administrador\AppData\Roaming\npm-cache correctMkdir not in flight; initializing
25 silly install normalizeTree
26 silly loadCurrentTree Finishing
27 silly loadIdealTree Starting
28 silly install loadIdealTree
29 silly cloneCurrentTree Starting
30 silly install cloneCurrentTreeToIdealTree
31 silly cloneCurrentTree Finishing
32 silly loadShrinkwrap Starting
33 silly install loadShrinkwrap
34 silly loadShrinkwrap Finishing
35 silly loadAllDepsIntoIdealTree Starting
36 silly install loadAllDepsIntoIdealTree
37 silly resolveWithNewModule bcrypt@0.8.5 checking installable status
38 silly cache add args [ 'bcrypt', null ]
39 verbose cache add spec bcrypt
40 silly cache add parsed spec Result {
40 silly cache add   raw: 'bcrypt',
40 silly cache add   scope: null,
40 silly cache add   name: 'bcrypt',
40 silly cache add   rawSpec: '',
40 silly cache add   spec: 'latest',
40 silly cache add   type: 'tag' }
41 silly addNamed bcrypt@latest
42 verbose addNamed "latest" is being treated as a dist-tag for bcrypt
43 info addNameTag [ 'bcrypt', 'latest' ]
44 silly mapToRegistry name bcrypt
45 silly mapToRegistry using default registry
46 silly mapToRegistry registry https://registry.npmjs.org/
47 silly mapToRegistry uri https://registry.npmjs.org/bcrypt
48 verbose addNameTag registry:https://registry.npmjs.org/bcrypt not in flight; fetching
49 verbose get https://registry.npmjs.org/bcrypt not expired, no request
50 silly addNameTag next cb for bcrypt with tag latest
51 silly addNamed bcrypt@0.8.5
52 verbose addNamed "0.8.5" is a plain semver version for bcrypt
53 silly cache afterAdd bcrypt@0.8.5
54 verbose afterAdd C:\Users\Administrador\AppData\Roaming\npm-cache\bcrypt\0.8.5\package\package.json not in flight; writing
55 verbose correctMkdir C:\Users\Administrador\AppData\Roaming\npm-cache correctMkdir not in flight; initializing
56 verbose afterAdd C:\Users\Administrador\AppData\Roaming\npm-cache\bcrypt\0.8.5\package\package.json written
57 silly fetchNamedPackageData bindings
58 silly mapToRegistry name bindings
59 silly mapToRegistry using default registry
60 silly mapToRegistry registry https://registry.npmjs.org/
61 silly mapToRegistry uri https://registry.npmjs.org/bindings
62 silly fetchNamedPackageData nan
63 silly mapToRegistry name nan
64 silly mapToRegistry using default registry
65 silly mapToRegistry registry https://registry.npmjs.org/
66 silly mapToRegistry uri https://registry.npmjs.org/nan
67 verbose request uri https://registry.npmjs.org/bindings
68 verbose request no auth needed
69 info attempt registry request try #1 at 21:05:40
70 verbose etag "1LLBF9OH58DLBEL4629U6032D"
71 http request GET https://registry.npmjs.org/bindings
72 verbose request uri https://registry.npmjs.org/nan
73 verbose request no auth needed
74 info attempt registry request try #1 at 21:05:40
75 verbose etag "BAVERG4EG5W3XHF012VJBMBOB"
76 http request GET https://registry.npmjs.org/nan
77 http 304 https://registry.npmjs.org/nan
78 verbose headers { date: 'Mon, 29 Feb 2016 00:05:40 GMT',
78 verbose headers   via: '1.1 varnish',
78 verbose headers   'cache-control': 'max-age=300',
78 verbose headers   etag: '"BAVERG4EG5W3XHF012VJBMBOB"',
78 verbose headers   age: '183',
78 verbose headers   connection: 'keep-alive',
78 verbose headers   'x-served-by': 'cache-atl6241-ATL',
78 verbose headers   'x-cache': 'HIT',
78 verbose headers   'x-cache-hits': '1',
78 verbose headers   'x-timer': 'S1456704340.872683,VS0,VE0',
78 verbose headers   vary: 'Accept' }
79 silly get cb [ 304,
79 silly get   { date: 'Mon, 29 Feb 2016 00:05:40 GMT',
79 silly get     via: '1.1 varnish',
79 silly get     'cache-control': 'max-age=300',
79 silly get     etag: '"BAVERG4EG5W3XHF012VJBMBOB"',
79 silly get     age: '183',
79 silly get     connection: 'keep-alive',
79 silly get     'x-served-by': 'cache-atl6241-ATL',
79 silly get     'x-cache': 'HIT',
79 silly get     'x-cache-hits': '1',
79 silly get     'x-timer': 'S1456704340.872683,VS0,VE0',
79 silly get     vary: 'Accept' } ]
80 verbose etag https://registry.npmjs.org/nan from cache
81 verbose get saving nan to C:\Users\Administrador\AppData\Roaming\npm-cache\registry.npmjs.org\nan\.cache.json
82 verbose correctMkdir C:\Users\Administrador\AppData\Roaming\npm-cache correctMkdir not in flight; initializing
83 silly resolveWithNewModule nan@2.0.5 checking installable status
84 silly cache add args [ 'nan@2.0.5', null ]
85 verbose cache add spec nan@2.0.5
86 silly cache add parsed spec Result {
86 silly cache add   raw: 'nan@2.0.5',
86 silly cache add   scope: null,
86 silly cache add   name: 'nan',
86 silly cache add   rawSpec: '2.0.5',
86 silly cache add   spec: '2.0.5',
86 silly cache add   type: 'version' }
87 silly addNamed nan@2.0.5
88 verbose addNamed "2.0.5" is a plain semver version for nan
89 silly mapToRegistry name nan
90 silly mapToRegistry using default registry
91 silly mapToRegistry registry https://registry.npmjs.org/
92 silly mapToRegistry uri https://registry.npmjs.org/nan
93 verbose addNameVersion registry:https://registry.npmjs.org/nan not in flight; fetching
94 http 304 https://registry.npmjs.org/bindings
95 verbose headers { date: 'Mon, 29 Feb 2016 00:05:40 GMT',
95 verbose headers   via: '1.1 varnish',
95 verbose headers   'cache-control': 'max-age=300',
95 verbose headers   etag: '"1LLBF9OH58DLBEL4629U6032D"',
95 verbose headers   age: '0',
95 verbose headers   connection: 'keep-alive',
95 verbose headers   'x-served-by': 'cache-atl6244-ATL',
95 verbose headers   'x-cache': 'HIT',
95 verbose headers   'x-cache-hits': '1',
95 verbose headers   'x-timer': 'S1456704340.863209,VS0,VE32',
95 verbose headers   vary: 'Accept' }
96 silly get cb [ 304,
96 silly get   { date: 'Mon, 29 Feb 2016 00:05:40 GMT',
96 silly get     via: '1.1 varnish',
96 silly get     'cache-control': 'max-age=300',
96 silly get     etag: '"1LLBF9OH58DLBEL4629U6032D"',
96 silly get     age: '0',
96 silly get     connection: 'keep-alive',
96 silly get     'x-served-by': 'cache-atl6244-ATL',
96 silly get     'x-cache': 'HIT',
96 silly get     'x-cache-hits': '1',
96 silly get     'x-timer': 'S1456704340.863209,VS0,VE32',
96 silly get     vary: 'Accept' } ]
97 verbose etag https://registry.npmjs.org/bindings from cache
98 verbose get saving bindings to C:\Users\Administrador\AppData\Roaming\npm-cache\registry.npmjs.org\bindings\.cache.json
99 verbose correctMkdir C:\Users\Administrador\AppData\Roaming\npm-cache correctMkdir not in flight; initializing
100 verbose get https://registry.npmjs.org/nan not expired, no request
101 silly cache afterAdd nan@2.0.5
102 verbose afterAdd C:\Users\Administrador\AppData\Roaming\npm-cache\nan\2.0.5\package\package.json not in flight; writing
103 verbose correctMkdir C:\Users\Administrador\AppData\Roaming\npm-cache correctMkdir not in flight; initializing
104 silly resolveWithNewModule bindings@1.2.1 checking installable status
105 silly cache add args [ 'bindings@1.2.1', null ]
106 verbose cache add spec bindings@1.2.1
107 silly cache add parsed spec Result {
107 silly cache add   raw: 'bindings@1.2.1',
107 silly cache add   scope: null,
107 silly cache add   name: 'bindings',
107 silly cache add   rawSpec: '1.2.1',
107 silly cache add   spec: '1.2.1',
107 silly cache add   type: 'version' }
108 silly addNamed bindings@1.2.1
109 verbose addNamed "1.2.1" is a plain semver version for bindings
110 silly mapToRegistry name bindings
111 silly mapToRegistry using default registry
112 silly mapToRegistry registry https://registry.npmjs.org/
113 silly mapToRegistry uri https://registry.npmjs.org/bindings
114 verbose addNameVersion registry:https://registry.npmjs.org/bindings not in flight; fetching
115 verbose get https://registry.npmjs.org/bindings not expired, no request
116 verbose afterAdd C:\Users\Administrador\AppData\Roaming\npm-cache\nan\2.0.5\package\package.json written
117 silly cache afterAdd bindings@1.2.1
118 verbose afterAdd C:\Users\Administrador\AppData\Roaming\npm-cache\bindings\1.2.1\package\package.json not in flight; writing
119 verbose correctMkdir C:\Users\Administrador\AppData\Roaming\npm-cache correctMkdir not in flight; initializing
120 verbose afterAdd C:\Users\Administrador\AppData\Roaming\npm-cache\bindings\1.2.1\package\package.json written
121 silly loadAllDepsIntoIdealTree Finishing
122 silly idealTree:prePrune unoesc-app@1.0.0
122 silly idealTree:prePrune +-- accepts@1.2.13
122 silly idealTree:prePrune +-- array-find-index@1.0.1
122 silly idealTree:prePrune +-- array-flatten@1.1.1
122 silly idealTree:prePrune +-- async@1.5.2
122 silly idealTree:prePrune +-- base64-url@1.2.1
122 silly idealTree:prePrune +-- base64url@1.0.6
122 silly idealTree:prePrune | +-- camelcase-keys@1.0.0
122 silly idealTree:prePrune | +-- camelcase@1.2.1
122 silly idealTree:prePrune | +-- indent-string@1.2.2
122 silly idealTree:prePrune | +-- meow@2.0.0
122 silly idealTree:prePrune | +-- object-assign@1.0.0
122 silly idealTree:prePrune | `-- repeating@1.1.3
122 silly idealTree:prePrune +-- bcrypt@0.8.5
122 silly idealTree:prePrune +-- bindings@1.2.1
122 silly idealTree:prePrune +-- bluebird@2.9.26
122 silly idealTree:prePrune +-- body-parser@1.15.0
122 silly idealTree:prePrune +-- bson@0.4.21
122 silly idealTree:prePrune +-- buffer-equal-constant-time@1.0.1
122 silly idealTree:prePrune +-- builtin-modules@1.1.1
122 silly idealTree:prePrune +-- bytes@2.2.0
122 silly idealTree:prePrune +-- camelcase-keys@2.0.0
122 silly idealTree:prePrune +-- camelcase@2.1.0
122 silly idealTree:prePrune +-- concat-stream@1.4.10
122 silly idealTree:prePrune | `-- readable-stream@1.1.13
122 silly idealTree:prePrune +-- content-disposition@0.5.1
122 silly idealTree:prePrune +-- content-type@1.0.1
122 silly idealTree:prePrune +-- cookie-signature@1.0.6
122 silly idealTree:prePrune +-- cookie@0.1.5
122 silly idealTree:prePrune +-- core-util-is@1.0.2
122 silly idealTree:prePrune +-- cors@2.7.1
122 silly idealTree:prePrune +-- dateformat@1.0.12
122 silly idealTree:prePrune +-- debug@2.2.0
122 silly idealTree:prePrune +-- decamelize@1.1.2
122 silly idealTree:prePrune +-- depd@1.1.0
122 silly idealTree:prePrune +-- destroy@1.0.4
122 silly idealTree:prePrune +-- ecdsa-sig-formatter@1.0.5
122 silly idealTree:prePrune +-- ee-first@1.1.1
122 silly idealTree:prePrune +-- error-ex@1.3.0
122 silly idealTree:prePrune +-- es6-promise@3.0.2
122 silly idealTree:prePrune +-- escape-html@1.0.3
122 silly idealTree:prePrune +-- escape-string-regexp@1.0.4
122 silly idealTree:prePrune +-- etag@1.7.0
122 silly idealTree:prePrune +-- express@4.13.4
122 silly idealTree:prePrune | +-- qs@4.0.0
122 silly idealTree:prePrune | `-- vary@1.0.1
122 silly idealTree:prePrune +-- finalhandler@0.4.1
122 silly idealTree:prePrune +-- find-up@1.1.0
122 silly idealTree:prePrune +-- forwarded@0.1.0
122 silly idealTree:prePrune +-- fresh@0.3.0
122 silly idealTree:prePrune +-- get-stdin@4.0.1
122 silly idealTree:prePrune +-- graceful-fs@4.1.3
122 silly idealTree:prePrune +-- hooks-fixed@1.1.0
122 silly idealTree:prePrune +-- hosted-git-info@2.1.4
122 silly idealTree:prePrune +-- http-errors@1.4.0
122 silly idealTree:prePrune +-- iconv-lite@0.4.13
122 silly idealTree:prePrune +-- indent-string@2.1.0
122 silly idealTree:prePrune +-- inherits@2.0.1
122 silly idealTree:prePrune +-- ipaddr.js@1.0.5
122 silly idealTree:prePrune +-- is-arrayish@0.2.1
122 silly idealTree:prePrune +-- is-builtin-module@1.0.0
122 silly idealTree:prePrune +-- is-finite@1.0.1
122 silly idealTree:prePrune +-- is-utf8@0.2.1
122 silly idealTree:prePrune +-- isarray@0.0.1
122 silly idealTree:prePrune +-- jsonwebtoken@5.7.0
122 silly idealTree:prePrune +-- jwa@1.1.3
122 silly idealTree:prePrune +-- jws@3.1.3
122 silly idealTree:prePrune +-- kareem@1.0.1
122 silly idealTree:prePrune +-- load-json-file@1.1.0
122 silly idealTree:prePrune +-- lodash@4.4.0
122 silly idealTree:prePrune +-- loud-rejection@1.2.1
122 silly idealTree:prePrune +-- map-obj@1.0.1
122 silly idealTree:prePrune +-- media-typer@0.3.0
122 silly idealTree:prePrune +-- meow@3.7.0
122 silly idealTree:prePrune +-- merge-descriptors@1.0.1
122 silly idealTree:prePrune +-- methods@1.1.2
122 silly idealTree:prePrune +-- mime-db@1.22.0
122 silly idealTree:prePrune +-- mime-types@2.1.10
122 silly idealTree:prePrune +-- mime@1.3.4
122 silly idealTree:prePrune +-- minimist@1.2.0
122 silly idealTree:prePrune +-- moment-timezone@0.5.0
122 silly idealTree:prePrune +-- moment@2.11.2
122 silly idealTree:prePrune +-- mongodb-core@1.3.1
122 silly idealTree:prePrune +-- mongodb@2.1.6
122 silly idealTree:prePrune +-- mongoose@4.4.3
122 silly idealTree:prePrune +-- mpath@0.2.1
122 silly idealTree:prePrune +-- mpromise@0.5.5
122 silly idealTree:prePrune +-- mquery@1.6.3
122 silly idealTree:prePrune | `-- sliced@0.0.5
122 silly idealTree:prePrune +-- ms@0.7.1
122 silly idealTree:prePrune +-- muri@1.1.0
122 silly idealTree:prePrune +-- nan@2.0.5
122 silly idealTree:prePrune +-- negotiator@0.5.3
122 silly idealTree:prePrune +-- normalize-package-data@2.3.5
122 silly idealTree:prePrune +-- number-is-nan@1.0.0
122 silly idealTree:prePrune +-- object-assign@4.0.1
122 silly idealTree:prePrune +-- on-finished@2.3.0
122 silly idealTree:prePrune +-- parse-json@2.2.0
122 silly idealTree:prePrune +-- parseurl@1.3.1
122 silly idealTree:prePrune +-- path-exists@2.1.0
122 silly idealTree:prePrune +-- path-to-regexp@0.1.7
122 silly idealTree:prePrune +-- path-type@1.1.0
122 silly idealTree:prePrune +-- pify@2.3.0
122 silly idealTree:prePrune +-- pinkie-promise@2.0.0
122 silly idealTree:prePrune +-- pinkie@2.0.4
122 silly idealTree:prePrune +-- proxy-addr@1.0.10
122 silly idealTree:prePrune +-- qs@6.1.0
122 silly idealTree:prePrune +-- range-parser@1.0.3
122 silly idealTree:prePrune +-- raw-body@2.1.5
122 silly idealTree:prePrune +-- read-pkg-up@1.0.1
122 silly idealTree:prePrune +-- read-pkg@1.1.0
122 silly idealTree:prePrune +-- readable-stream@1.0.31
122 silly idealTree:prePrune +-- redent@1.0.0
122 silly idealTree:prePrune +-- regexp-clone@0.0.1
122 silly idealTree:prePrune +-- repeating@2.0.0
122 silly idealTree:prePrune +-- require_optional@1.0.0
122 silly idealTree:prePrune +-- resolve-from@2.0.0
122 silly idealTree:prePrune +-- semver@5.1.0
122 silly idealTree:prePrune +-- send@0.13.1
122 silly idealTree:prePrune | `-- http-errors@1.3.1
122 silly idealTree:prePrune +-- serve-static@1.10.2
122 silly idealTree:prePrune +-- signal-exit@2.1.2
122 silly idealTree:prePrune +-- sliced@1.0.1
122 silly idealTree:prePrune +-- spdx-correct@1.0.2
122 silly idealTree:prePrune +-- spdx-exceptions@1.0.4
122 silly idealTree:prePrune +-- spdx-expression-parse@1.0.2
122 silly idealTree:prePrune +-- spdx-license-ids@1.2.0
122 silly idealTree:prePrune +-- statuses@1.2.1
122 silly idealTree:prePrune +-- string_decoder@0.10.31
122 silly idealTree:prePrune +-- strip-bom@2.0.0
122 silly idealTree:prePrune +-- strip-indent@1.0.1
122 silly idealTree:prePrune +-- trim-newlines@1.0.0
122 silly idealTree:prePrune +-- type-is@1.6.11
122 silly idealTree:prePrune +-- typedarray@0.0.6
122 silly idealTree:prePrune +-- unpipe@1.0.0
122 silly idealTree:prePrune +-- utils-merge@1.0.0
122 silly idealTree:prePrune +-- validate-npm-package-license@3.0.1
122 silly idealTree:prePrune +-- vary@1.1.0
122 silly idealTree:prePrune `-- xtend@4.0.1
123 silly loadIdealTree Finishing
124 silly currentTree unoesc-app@1.0.0
124 silly currentTree +-- accepts@1.2.13
124 silly currentTree +-- array-find-index@1.0.1
124 silly currentTree +-- array-flatten@1.1.1
124 silly currentTree +-- async@1.5.2
124 silly currentTree +-- base64-url@1.2.1
124 silly currentTree +-- base64url@1.0.6
124 silly currentTree | +-- camelcase-keys@1.0.0
124 silly currentTree | +-- camelcase@1.2.1
124 silly currentTree | +-- indent-string@1.2.2
124 silly currentTree | +-- meow@2.0.0
124 silly currentTree | +-- object-assign@1.0.0
124 silly currentTree | `-- repeating@1.1.3
124 silly currentTree +-- bluebird@2.9.26
124 silly currentTree +-- body-parser@1.15.0
124 silly currentTree +-- bson@0.4.21
124 silly currentTree +-- buffer-equal-constant-time@1.0.1
124 silly currentTree +-- builtin-modules@1.1.1
124 silly currentTree +-- bytes@2.2.0
124 silly currentTree +-- camelcase-keys@2.0.0
124 silly currentTree +-- camelcase@2.1.0
124 silly currentTree +-- concat-stream@1.4.10
124 silly currentTree | `-- readable-stream@1.1.13
124 silly currentTree +-- content-disposition@0.5.1
124 silly currentTree +-- content-type@1.0.1
124 silly currentTree +-- cookie-signature@1.0.6
124 silly currentTree +-- cookie@0.1.5
124 silly currentTree +-- core-util-is@1.0.2
124 silly currentTree +-- cors@2.7.1
124 silly currentTree +-- dateformat@1.0.12
124 silly currentTree +-- debug@2.2.0
124 silly currentTree +-- decamelize@1.1.2
124 silly currentTree +-- depd@1.1.0
124 silly currentTree +-- destroy@1.0.4
124 silly currentTree +-- ecdsa-sig-formatter@1.0.5
124 silly currentTree +-- ee-first@1.1.1
124 silly currentTree +-- error-ex@1.3.0
124 silly currentTree +-- es6-promise@3.0.2
124 silly currentTree +-- escape-html@1.0.3
124 silly currentTree +-- escape-string-regexp@1.0.4
124 silly currentTree +-- etag@1.7.0
124 silly currentTree +-- express@4.13.4
124 silly currentTree | +-- qs@4.0.0
124 silly currentTree | `-- vary@1.0.1
124 silly currentTree +-- finalhandler@0.4.1
124 silly currentTree +-- find-up@1.1.0
124 silly currentTree +-- forwarded@0.1.0
124 silly currentTree +-- fresh@0.3.0
124 silly currentTree +-- get-stdin@4.0.1
124 silly currentTree +-- graceful-fs@4.1.3
124 silly currentTree +-- hooks-fixed@1.1.0
124 silly currentTree +-- hosted-git-info@2.1.4
124 silly currentTree +-- http-errors@1.4.0
124 silly currentTree +-- iconv-lite@0.4.13
124 silly currentTree +-- indent-string@2.1.0
124 silly currentTree +-- inherits@2.0.1
124 silly currentTree +-- ipaddr.js@1.0.5
124 silly currentTree +-- is-arrayish@0.2.1
124 silly currentTree +-- is-builtin-module@1.0.0
124 silly currentTree +-- is-finite@1.0.1
124 silly currentTree +-- is-utf8@0.2.1
124 silly currentTree +-- isarray@0.0.1
124 silly currentTree +-- jsonwebtoken@5.7.0
124 silly currentTree +-- jwa@1.1.3
124 silly currentTree +-- jws@3.1.3
124 silly currentTree +-- kareem@1.0.1
124 silly currentTree +-- load-json-file@1.1.0
124 silly currentTree +-- lodash@4.4.0
124 silly currentTree +-- loud-rejection@1.2.1
124 silly currentTree +-- map-obj@1.0.1
124 silly currentTree +-- media-typer@0.3.0
124 silly currentTree +-- meow@3.7.0
124 silly currentTree +-- merge-descriptors@1.0.1
124 silly currentTree +-- methods@1.1.2
124 silly currentTree +-- mime-db@1.22.0
124 silly currentTree +-- mime-types@2.1.10
124 silly currentTree +-- mime@1.3.4
124 silly currentTree +-- minimist@1.2.0
124 silly currentTree +-- moment-timezone@0.5.0
124 silly currentTree +-- moment@2.11.2
124 silly currentTree +-- mongodb-core@1.3.1
124 silly currentTree +-- mongodb@2.1.6
124 silly currentTree +-- mongoose@4.4.3
124 silly currentTree +-- mpath@0.2.1
124 silly currentTree +-- mpromise@0.5.5
124 silly currentTree +-- mquery@1.6.3
124 silly currentTree | `-- sliced@0.0.5
124 silly currentTree +-- ms@0.7.1
124 silly currentTree +-- muri@1.1.0
124 silly currentTree +-- negotiator@0.5.3
124 silly currentTree +-- normalize-package-data@2.3.5
124 silly currentTree +-- number-is-nan@1.0.0
124 silly currentTree +-- object-assign@4.0.1
124 silly currentTree +-- on-finished@2.3.0
124 silly currentTree +-- parse-json@2.2.0
124 silly currentTree +-- parseurl@1.3.1
124 silly currentTree +-- path-exists@2.1.0
124 silly currentTree +-- path-to-regexp@0.1.7
124 silly currentTree +-- path-type@1.1.0
124 silly currentTree +-- pify@2.3.0
124 silly currentTree +-- pinkie-promise@2.0.0
124 silly currentTree +-- pinkie@2.0.4
124 silly currentTree +-- proxy-addr@1.0.10
124 silly currentTree +-- qs@6.1.0
124 silly currentTree +-- range-parser@1.0.3
124 silly currentTree +-- raw-body@2.1.5
124 silly currentTree +-- read-pkg-up@1.0.1
124 silly currentTree +-- read-pkg@1.1.0
124 silly currentTree +-- readable-stream@1.0.31
124 silly currentTree +-- redent@1.0.0
124 silly currentTree +-- regexp-clone@0.0.1
124 silly currentTree +-- repeating@2.0.0
124 silly currentTree +-- require_optional@1.0.0
124 silly currentTree +-- resolve-from@2.0.0
124 silly currentTree +-- semver@5.1.0
124 silly currentTree +-- send@0.13.1
124 silly currentTree | `-- http-errors@1.3.1
124 silly currentTree +-- serve-static@1.10.2
124 silly currentTree +-- signal-exit@2.1.2
124 silly currentTree +-- sliced@1.0.1
124 silly currentTree +-- spdx-correct@1.0.2
124 silly currentTree +-- spdx-exceptions@1.0.4
124 silly currentTree +-- spdx-expression-parse@1.0.2
124 silly currentTree +-- spdx-license-ids@1.2.0
124 silly currentTree +-- statuses@1.2.1
124 silly currentTree +-- string_decoder@0.10.31
124 silly currentTree +-- strip-bom@2.0.0
124 silly currentTree +-- strip-indent@1.0.1
124 silly currentTree +-- trim-newlines@1.0.0
124 silly currentTree +-- type-is@1.6.11
124 silly currentTree +-- typedarray@0.0.6
124 silly currentTree +-- unpipe@1.0.0
124 silly currentTree +-- utils-merge@1.0.0
124 silly currentTree +-- validate-npm-package-license@3.0.1
124 silly currentTree +-- vary@1.1.0
124 silly currentTree `-- xtend@4.0.1
125 silly idealTree unoesc-app@1.0.0
125 silly idealTree +-- accepts@1.2.13
125 silly idealTree +-- array-find-index@1.0.1
125 silly idealTree +-- array-flatten@1.1.1
125 silly idealTree +-- async@1.5.2
125 silly idealTree +-- base64-url@1.2.1
125 silly idealTree +-- base64url@1.0.6
125 silly idealTree | +-- camelcase-keys@1.0.0
125 silly idealTree | +-- camelcase@1.2.1
125 silly idealTree | +-- indent-string@1.2.2
125 silly idealTree | +-- meow@2.0.0
125 silly idealTree | +-- object-assign@1.0.0
125 silly idealTree | `-- repeating@1.1.3
125 silly idealTree +-- bcrypt@0.8.5
125 silly idealTree +-- bindings@1.2.1
125 silly idealTree +-- bluebird@2.9.26
125 silly idealTree +-- body-parser@1.15.0
125 silly idealTree +-- bson@0.4.21
125 silly idealTree +-- buffer-equal-constant-time@1.0.1
125 silly idealTree +-- builtin-modules@1.1.1
125 silly idealTree +-- bytes@2.2.0
125 silly idealTree +-- camelcase-keys@2.0.0
125 silly idealTree +-- camelcase@2.1.0
125 silly idealTree +-- concat-stream@1.4.10
125 silly idealTree | `-- readable-stream@1.1.13
125 silly idealTree +-- content-disposition@0.5.1
125 silly idealTree +-- content-type@1.0.1
125 silly idealTree +-- cookie-signature@1.0.6
125 silly idealTree +-- cookie@0.1.5
125 silly idealTree +-- core-util-is@1.0.2
125 silly idealTree +-- cors@2.7.1
125 silly idealTree +-- dateformat@1.0.12
125 silly idealTree +-- debug@2.2.0
125 silly idealTree +-- decamelize@1.1.2
125 silly idealTree +-- depd@1.1.0
125 silly idealTree +-- destroy@1.0.4
125 silly idealTree +-- ecdsa-sig-formatter@1.0.5
125 silly idealTree +-- ee-first@1.1.1
125 silly idealTree +-- error-ex@1.3.0
125 silly idealTree +-- es6-promise@3.0.2
125 silly idealTree +-- escape-html@1.0.3
125 silly idealTree +-- escape-string-regexp@1.0.4
125 silly idealTree +-- etag@1.7.0
125 silly idealTree +-- express@4.13.4
125 silly idealTree | +-- qs@4.0.0
125 silly idealTree | `-- vary@1.0.1
125 silly idealTree +-- finalhandler@0.4.1
125 silly idealTree +-- find-up@1.1.0
125 silly idealTree +-- forwarded@0.1.0
125 silly idealTree +-- fresh@0.3.0
125 silly idealTree +-- get-stdin@4.0.1
125 silly idealTree +-- graceful-fs@4.1.3
125 silly idealTree +-- hooks-fixed@1.1.0
125 silly idealTree +-- hosted-git-info@2.1.4
125 silly idealTree +-- http-errors@1.4.0
125 silly idealTree +-- iconv-lite@0.4.13
125 silly idealTree +-- indent-string@2.1.0
125 silly idealTree +-- inherits@2.0.1
125 silly idealTree +-- ipaddr.js@1.0.5
125 silly idealTree +-- is-arrayish@0.2.1
125 silly idealTree +-- is-builtin-module@1.0.0
125 silly idealTree +-- is-finite@1.0.1
125 silly idealTree +-- is-utf8@0.2.1
125 silly idealTree +-- isarray@0.0.1
125 silly idealTree +-- jsonwebtoken@5.7.0
125 silly idealTree +-- jwa@1.1.3
125 silly idealTree +-- jws@3.1.3
125 silly idealTree +-- kareem@1.0.1
125 silly idealTree +-- load-json-file@1.1.0
125 silly idealTree +-- lodash@4.4.0
125 silly idealTree +-- loud-rejection@1.2.1
125 silly idealTree +-- map-obj@1.0.1
125 silly idealTree +-- media-typer@0.3.0
125 silly idealTree +-- meow@3.7.0
125 silly idealTree +-- merge-descriptors@1.0.1
125 silly idealTree +-- methods@1.1.2
125 silly idealTree +-- mime-db@1.22.0
125 silly idealTree +-- mime-types@2.1.10
125 silly idealTree +-- mime@1.3.4
125 silly idealTree +-- minimist@1.2.0
125 silly idealTree +-- moment-timezone@0.5.0
125 silly idealTree +-- moment@2.11.2
125 silly idealTree +-- mongodb-core@1.3.1
125 silly idealTree +-- mongodb@2.1.6
125 silly idealTree +-- mongoose@4.4.3
125 silly idealTree +-- mpath@0.2.1
125 silly idealTree +-- mpromise@0.5.5
125 silly idealTree +-- mquery@1.6.3
125 silly idealTree | `-- sliced@0.0.5
125 silly idealTree +-- ms@0.7.1
125 silly idealTree +-- muri@1.1.0
125 silly idealTree +-- nan@2.0.5
125 silly idealTree +-- negotiator@0.5.3
125 silly idealTree +-- normalize-package-data@2.3.5
125 silly idealTree +-- number-is-nan@1.0.0
125 silly idealTree +-- object-assign@4.0.1
125 silly idealTree +-- on-finished@2.3.0
125 silly idealTree +-- parse-json@2.2.0
125 silly idealTree +-- parseurl@1.3.1
125 silly idealTree +-- path-exists@2.1.0
125 silly idealTree +-- path-to-regexp@0.1.7
125 silly idealTree +-- path-type@1.1.0
125 silly idealTree +-- pify@2.3.0
125 silly idealTree +-- pinkie-promise@2.0.0
125 silly idealTree +-- pinkie@2.0.4
125 silly idealTree +-- proxy-addr@1.0.10
125 silly idealTree +-- qs@6.1.0
125 silly idealTree +-- range-parser@1.0.3
125 silly idealTree +-- raw-body@2.1.5
125 silly idealTree +-- read-pkg-up@1.0.1
125 silly idealTree +-- read-pkg@1.1.0
125 silly idealTree +-- readable-stream@1.0.31
125 silly idealTree +-- redent@1.0.0
125 silly idealTree +-- regexp-clone@0.0.1
125 silly idealTree +-- repeating@2.0.0
125 silly idealTree +-- require_optional@1.0.0
125 silly idealTree +-- resolve-from@2.0.0
125 silly idealTree +-- semver@5.1.0
125 silly idealTree +-- send@0.13.1
125 silly idealTree | `-- http-errors@1.3.1
125 silly idealTree +-- serve-static@1.10.2
125 silly idealTree +-- signal-exit@2.1.2
125 silly idealTree +-- sliced@1.0.1
125 silly idealTree +-- spdx-correct@1.0.2
125 silly idealTree +-- spdx-exceptions@1.0.4
125 silly idealTree +-- spdx-expression-parse@1.0.2
125 silly idealTree +-- spdx-license-ids@1.2.0
125 silly idealTree +-- statuses@1.2.1
125 silly idealTree +-- string_decoder@0.10.31
125 silly idealTree +-- strip-bom@2.0.0
125 silly idealTree +-- strip-indent@1.0.1
125 silly idealTree +-- trim-newlines@1.0.0
125 silly idealTree +-- type-is@1.6.11
125 silly idealTree +-- typedarray@0.0.6
125 silly idealTree +-- unpipe@1.0.0
125 silly idealTree +-- utils-merge@1.0.0
125 silly idealTree +-- validate-npm-package-license@3.0.1
125 silly idealTree +-- vary@1.1.0
125 silly idealTree `-- xtend@4.0.1
126 silly generateActionsToTake Starting
127 silly install generateActionsToTake
128 silly generateActionsToTake Finishing
129 silly diffTrees action count 3
130 silly diffTrees add bindings@1.2.1
131 silly diffTrees add nan@2.0.5
132 silly diffTrees add bcrypt@0.8.5
133 silly decomposeActions action count 24
134 silly decomposeActions fetch bindings@1.2.1
135 silly decomposeActions extract bindings@1.2.1
136 silly decomposeActions test bindings@1.2.1
137 silly decomposeActions preinstall bindings@1.2.1
138 silly decomposeActions build bindings@1.2.1
139 silly decomposeActions install bindings@1.2.1
140 silly decomposeActions postinstall bindings@1.2.1
141 silly decomposeActions finalize bindings@1.2.1
142 silly decomposeActions fetch nan@2.0.5
143 silly decomposeActions extract nan@2.0.5
144 silly decomposeActions test nan@2.0.5
145 silly decomposeActions preinstall nan@2.0.5
146 silly decomposeActions build nan@2.0.5
147 silly decomposeActions install nan@2.0.5
148 silly decomposeActions postinstall nan@2.0.5
149 silly decomposeActions finalize nan@2.0.5
150 silly decomposeActions fetch bcrypt@0.8.5
151 silly decomposeActions extract bcrypt@0.8.5
152 silly decomposeActions test bcrypt@0.8.5
153 silly decomposeActions preinstall bcrypt@0.8.5
154 silly decomposeActions build bcrypt@0.8.5
155 silly decomposeActions install bcrypt@0.8.5
156 silly decomposeActions postinstall bcrypt@0.8.5
157 silly decomposeActions finalize bcrypt@0.8.5
158 silly executeActions Starting
159 silly install executeActions
160 silly doSerial global-install 0
161 silly doParallel fetch 3
162 verbose correctMkdir C:\Users\Administrador\AppData\Roaming\npm-cache\_locks correctMkdir not in flight; initializing
163 verbose lock using C:\Users\Administrador\AppData\Roaming\npm-cache\_locks\staging-610e0c152b07b8ca.lock for C:\node\unoesc-brewery-front\unoesc-app\node_modules\.staging
164 silly doParallel extract 3
165 silly extract bindings@1.2.1
166 silly extract nan@2.0.5
167 silly extract bcrypt@0.8.5
168 verbose unbuild node_modules\.staging\bindings-92c9b85d
169 verbose unbuild node_modules\.staging\nan-3a99e40a
170 verbose unbuild node_modules\.staging\bcrypt-3401d1b6
171 silly gentlyRm C:\node\unoesc-brewery-front\unoesc-app\node_modules\.staging\bindings-92c9b85d is being purged from base C:\node\unoesc-brewery-front\unoesc-app
172 verbose gentlyRm don't care about contents; nuking C:\node\unoesc-brewery-front\unoesc-app\node_modules\.staging\bindings-92c9b85d
173 silly gentlyRm C:\node\unoesc-brewery-front\unoesc-app\node_modules\.staging\nan-3a99e40a is being purged from base C:\node\unoesc-brewery-front\unoesc-app
174 verbose gentlyRm don't care about contents; nuking C:\node\unoesc-brewery-front\unoesc-app\node_modules\.staging\nan-3a99e40a
175 silly gentlyRm C:\node\unoesc-brewery-front\unoesc-app\node_modules\.staging\bcrypt-3401d1b6 is being purged from base C:\node\unoesc-brewery-front\unoesc-app
176 verbose gentlyRm don't care about contents; nuking C:\node\unoesc-brewery-front\unoesc-app\node_modules\.staging\bcrypt-3401d1b6
177 verbose tar unpack C:\Users\Administrador\AppData\Roaming\npm-cache\bindings\1.2.1\package.tgz
178 verbose tar unpacking to C:\node\unoesc-brewery-front\unoesc-app\node_modules\.staging\bindings-92c9b85d
179 silly gentlyRm C:\node\unoesc-brewery-front\unoesc-app\node_modules\.staging\bindings-92c9b85d is being purged
180 verbose gentlyRm don't care about contents; nuking C:\node\unoesc-brewery-front\unoesc-app\node_modules\.staging\bindings-92c9b85d
181 verbose tar unpack C:\Users\Administrador\AppData\Roaming\npm-cache\nan\2.0.5\package.tgz
182 verbose tar unpacking to C:\node\unoesc-brewery-front\unoesc-app\node_modules\.staging\nan-3a99e40a
183 silly gentlyRm C:\node\unoesc-brewery-front\unoesc-app\node_modules\.staging\nan-3a99e40a is being purged
184 verbose gentlyRm don't care about contents; nuking C:\node\unoesc-brewery-front\unoesc-app\node_modules\.staging\nan-3a99e40a
185 verbose tar unpack C:\Users\Administrador\AppData\Roaming\npm-cache\bcrypt\0.8.5\package.tgz
186 verbose tar unpacking to C:\node\unoesc-brewery-front\unoesc-app\node_modules\.staging\bcrypt-3401d1b6
187 silly gentlyRm C:\node\unoesc-brewery-front\unoesc-app\node_modules\.staging\bcrypt-3401d1b6 is being purged
188 verbose gentlyRm don't care about contents; nuking C:\node\unoesc-brewery-front\unoesc-app\node_modules\.staging\bcrypt-3401d1b6
189 silly gunzTarPerm modes [ '777', '666' ]
190 silly gunzTarPerm modes [ '777', '666' ]
191 silly gunzTarPerm modes [ '777', '666' ]
192 silly gunzTarPerm extractEntry package.json
193 silly gunzTarPerm modified mode [ 'package.json', 420, 438 ]
194 silly gunzTarPerm extractEntry package.json
195 silly gunzTarPerm modified mode [ 'package.json', 420, 438 ]
196 silly gunzTarPerm extractEntry package.json
197 silly gunzTarPerm modified mode [ 'package.json', 436, 438 ]
198 silly gunzTarPerm extractEntry README.md
199 silly gunzTarPerm modified mode [ 'README.md', 420, 438 ]
200 silly gunzTarPerm extractEntry bindings.js
201 silly gunzTarPerm modified mode [ 'bindings.js', 420, 438 ]
202 silly gunzTarPerm extractEntry README.md
203 silly gunzTarPerm modified mode [ 'README.md', 436, 438 ]
204 silly gunzTarPerm extractEntry include_dirs.js
205 silly gunzTarPerm modified mode [ 'include_dirs.js', 436, 438 ]
206 silly gunzTarPerm extractEntry .npmignore
207 silly gunzTarPerm modified mode [ '.npmignore', 420, 438 ]
208 silly gunzTarPerm extractEntry README.md
209 silly gunzTarPerm modified mode [ 'README.md', 420, 438 ]
210 silly gunzTarPerm extractEntry nan_converters.h
211 silly gunzTarPerm modified mode [ 'nan_converters.h', 436, 438 ]
212 silly gunzTarPerm extractEntry LICENSE.md
213 silly gunzTarPerm modified mode [ 'LICENSE.md', 436, 438 ]
214 silly gunzTarPerm extractEntry .dntrc
215 silly gunzTarPerm modified mode [ '.dntrc', 436, 438 ]
216 silly gunzTarPerm extractEntry LICENSE
217 silly gunzTarPerm modified mode [ 'LICENSE', 420, 438 ]
218 silly gunzTarPerm extractEntry bcrypt.js
219 silly gunzTarPerm modified mode [ 'bcrypt.js', 420, 438 ]
220 silly gunzTarPerm extractEntry appveyor.yml
221 silly gunzTarPerm modified mode [ 'appveyor.yml', 436, 438 ]
222 silly gunzTarPerm extractEntry binding.gyp
223 silly gunzTarPerm modified mode [ 'binding.gyp', 420, 438 ]
224 silly gunzTarPerm extractEntry doc/new.md
225 silly gunzTarPerm modified mode [ 'doc/new.md', 436, 438 ]
226 silly gunzTarPerm extractEntry doc/.build.sh
227 silly gunzTarPerm modified mode [ 'doc/.build.sh', 509, 511 ]
228 silly gunzTarPerm extractEntry .travis.yml
229 silly gunzTarPerm modified mode [ '.travis.yml', 420, 438 ]
230 silly gunzTarPerm extractEntry CHANGELOG.md
231 silly gunzTarPerm modified mode [ 'CHANGELOG.md', 420, 438 ]
232 silly gunzTarPerm extractEntry doc/buffers.md
233 silly gunzTarPerm modified mode [ 'doc/buffers.md', 436, 438 ]
234 silly gunzTarPerm extractEntry doc/callback.md
235 silly gunzTarPerm modified mode [ 'doc/callback.md', 436, 438 ]
236 silly gunzTarPerm extractEntry doc/converters.md
237 silly gunzTarPerm modified mode [ 'doc/converters.md', 436, 438 ]
238 silly gunzTarPerm extractEntry doc/errors.md
239 silly gunzTarPerm modified mode [ 'doc/errors.md', 436, 438 ]
240 silly gunzTarPerm extractEntry examples/async_compare.js
241 silly gunzTarPerm modified mode [ 'examples/async_compare.js', 420, 438 ]
242 silly gunzTarPerm extractEntry examples/forever_gen_salt.js
243 silly gunzTarPerm modified mode [ 'examples/forever_gen_salt.js', 420, 438 ]
244 silly gentlyRm C:\node\unoesc-brewery-front\unoesc-app\node_modules\.staging\bindings-92c9b85d\node_modules is being purged
245 verbose gentlyRm don't care about contents; nuking C:\node\unoesc-brewery-front\unoesc-app\node_modules\.staging\bindings-92c9b85d\node_modules
246 silly gunzTarPerm extractEntry test/async.js
247 silly gunzTarPerm modified mode [ 'test/async.js', 420, 438 ]
248 silly gunzTarPerm extractEntry test/repetitions.js
249 silly gunzTarPerm modified mode [ 'test/repetitions.js', 420, 438 ]
250 silly gunzTarPerm extractEntry doc/maybe_types.md
251 silly gunzTarPerm modified mode [ 'doc/maybe_types.md', 436, 438 ]
252 silly gunzTarPerm extractEntry doc/methods.md
253 silly gunzTarPerm modified mode [ 'doc/methods.md', 436, 438 ]
254 silly gunzTarPerm extractEntry test/sync.js
255 silly gunzTarPerm modified mode [ 'test/sync.js', 420, 438 ]
256 silly gunzTarPerm extractEntry Makefile
257 silly gunzTarPerm modified mode [ 'Makefile', 420, 438 ]
258 silly gunzTarPerm extractEntry doc/asyncworker.md
259 silly gunzTarPerm modified mode [ 'doc/asyncworker.md', 436, 438 ]
260 silly gunzTarPerm extractEntry doc/node_misc.md
261 silly gunzTarPerm modified mode [ 'doc/node_misc.md', 436, 438 ]
262 silly gunzTarPerm extractEntry doc/persistent.md
263 silly gunzTarPerm modified mode [ 'doc/persistent.md', 436, 438 ]
264 silly gunzTarPerm extractEntry doc/scopes.md
265 silly gunzTarPerm modified mode [ 'doc/scopes.md', 436, 438 ]
266 silly gunzTarPerm extractEntry src/bcrypt.cc
267 silly gunzTarPerm modified mode [ 'src/bcrypt.cc', 420, 438 ]
268 silly gunzTarPerm extractEntry src/bcrypt_node.cc
269 silly gunzTarPerm modified mode [ 'src/bcrypt_node.cc', 420, 438 ]
270 silly gunzTarPerm extractEntry src/blowfish.cc
271 silly gunzTarPerm modified mode [ 'src/blowfish.cc', 420, 438 ]
272 silly gunzTarPerm extractEntry src/node_blf.h
273 silly gunzTarPerm modified mode [ 'src/node_blf.h', 420, 438 ]
274 silly gunzTarPerm extractEntry doc/script.md
275 silly gunzTarPerm modified mode [ 'doc/script.md', 436, 438 ]
276 silly gunzTarPerm extractEntry doc/string_bytes.md
277 silly gunzTarPerm modified mode [ 'doc/string_bytes.md', 436, 438 ]
278 silly gunzTarPerm extractEntry werker.yml
279 silly gunzTarPerm modified mode [ 'werker.yml', 420, 438 ]
280 silly gunzTarPerm extractEntry doc/v8_internals.md
281 silly gunzTarPerm modified mode [ 'doc/v8_internals.md', 436, 438 ]
282 silly gunzTarPerm extractEntry doc/v8_misc.md
283 silly gunzTarPerm modified mode [ 'doc/v8_misc.md', 436, 438 ]
284 silly gunzTarPerm extractEntry nan.h
285 silly gunzTarPerm modified mode [ 'nan.h', 436, 438 ]
286 silly gunzTarPerm extractEntry nan_callbacks.h
287 silly gunzTarPerm modified mode [ 'nan_callbacks.h', 436, 438 ]
288 silly gunzTarPerm extractEntry nan_callbacks_12_inl.h
289 silly gunzTarPerm modified mode [ 'nan_callbacks_12_inl.h', 436, 438 ]
290 silly gunzTarPerm extractEntry nan_callbacks_pre_12_inl.h
291 silly gunzTarPerm modified mode [ 'nan_callbacks_pre_12_inl.h', 436, 438 ]
292 silly gunzTarPerm extractEntry nan_converters_43_inl.h
293 silly gunzTarPerm modified mode [ 'nan_converters_43_inl.h', 436, 438 ]
294 silly gunzTarPerm extractEntry nan_converters_pre_43_inl.h
295 silly gunzTarPerm modified mode [ 'nan_converters_pre_43_inl.h', 436, 438 ]
296 silly gunzTarPerm extractEntry nan_implementation_12_inl.h
297 silly gunzTarPerm modified mode [ 'nan_implementation_12_inl.h', 436, 438 ]
298 silly gunzTarPerm extractEntry nan_implementation_pre_12_inl.h
299 silly gunzTarPerm modified mode [ 'nan_implementation_pre_12_inl.h', 436, 438 ]
300 silly gunzTarPerm extractEntry nan_maybe_43_inl.h
301 silly gunzTarPerm modified mode [ 'nan_maybe_43_inl.h', 436, 438 ]
302 silly gunzTarPerm extractEntry nan_maybe_pre_43_inl.h
303 silly gunzTarPerm modified mode [ 'nan_maybe_pre_43_inl.h', 436, 438 ]
304 silly gunzTarPerm extractEntry nan_new.h
305 silly gunzTarPerm modified mode [ 'nan_new.h', 436, 438 ]
306 silly gunzTarPerm extractEntry nan_object_wrap.h
307 silly gunzTarPerm modified mode [ 'nan_object_wrap.h', 436, 438 ]
308 silly gunzTarPerm extractEntry nan_persistent_12_inl.h
309 silly gunzTarPerm modified mode [ 'nan_persistent_12_inl.h', 436, 438 ]
310 silly gunzTarPerm extractEntry nan_persistent_pre_12_inl.h
311 silly gunzTarPerm modified mode [ 'nan_persistent_pre_12_inl.h', 436, 438 ]
312 silly gunzTarPerm extractEntry nan_string_bytes.h
313 silly gunzTarPerm modified mode [ 'nan_string_bytes.h', 436, 438 ]
314 silly gunzTarPerm extractEntry nan_weak.h
315 silly gunzTarPerm modified mode [ 'nan_weak.h', 436, 438 ]
316 silly gunzTarPerm extractEntry CHANGELOG.md
317 silly gunzTarPerm modified mode [ 'CHANGELOG.md', 436, 438 ]
318 silly gunzTarPerm extractEntry tools/package.json
319 silly gunzTarPerm modified mode [ 'tools/package.json', 436, 438 ]
320 silly gunzTarPerm extractEntry tools/README.md
321 silly gunzTarPerm modified mode [ 'tools/README.md', 436, 438 ]
322 silly gunzTarPerm extractEntry tools/1to2.js
323 silly gunzTarPerm modified mode [ 'tools/1to2.js', 509, 511 ]
324 silly gentlyRm C:\node\unoesc-brewery-front\unoesc-app\node_modules\.staging\bcrypt-3401d1b6\node_modules is being purged
325 verbose gentlyRm don't care about contents; nuking C:\node\unoesc-brewery-front\unoesc-app\node_modules\.staging\bcrypt-3401d1b6\node_modules
326 silly gentlyRm C:\node\unoesc-brewery-front\unoesc-app\node_modules\.staging\nan-3a99e40a\node_modules is being purged
327 verbose gentlyRm don't care about contents; nuking C:\node\unoesc-brewery-front\unoesc-app\node_modules\.staging\nan-3a99e40a\node_modules
328 silly doParallel preinstall 3
329 silly preinstall bindings@1.2.1 C:\node\unoesc-brewery-front\unoesc-app\node_modules\.staging\bindings-92c9b85d
330 info lifecycle bindings@1.2.1~preinstall: bindings@1.2.1
331 silly preinstall nan@2.0.5 C:\node\unoesc-brewery-front\unoesc-app\node_modules\.staging\nan-3a99e40a
332 info lifecycle nan@2.0.5~preinstall: nan@2.0.5
333 silly preinstall bcrypt@0.8.5 C:\node\unoesc-brewery-front\unoesc-app\node_modules\.staging\bcrypt-3401d1b6
334 info lifecycle bcrypt@0.8.5~preinstall: bcrypt@0.8.5
335 silly lifecycle bindings@1.2.1~preinstall: no script for preinstall, continuing
336 silly lifecycle nan@2.0.5~preinstall: no script for preinstall, continuing
337 silly lifecycle bcrypt@0.8.5~preinstall: no script for preinstall, continuing
338 silly doReverseSerial remove 0
339 silly doSerial move 0
340 silly doSerial finalize 3
341 silly finalize C:\node\unoesc-brewery-front\unoesc-app\node_modules\bindings
342 silly finalize C:\node\unoesc-brewery-front\unoesc-app\node_modules\nan
343 silly finalize C:\node\unoesc-brewery-front\unoesc-app\node_modules\bcrypt
344 silly doSerial build 3
345 silly build bindings@1.2.1
346 info linkStuff bindings@1.2.1
347 silly linkStuff bindings@1.2.1 has C:\node\unoesc-brewery-front\unoesc-app\node_modules as its parent node_modules
348 verbose linkBins bindings@1.2.1
349 verbose linkMans bindings@1.2.1
350 silly build nan@2.0.5
351 info linkStuff nan@2.0.5
352 silly linkStuff nan@2.0.5 has C:\node\unoesc-brewery-front\unoesc-app\node_modules as its parent node_modules
353 verbose linkBins nan@2.0.5
354 verbose linkMans nan@2.0.5
355 silly build bcrypt@0.8.5
356 info linkStuff bcrypt@0.8.5
357 silly linkStuff bcrypt@0.8.5 has C:\node\unoesc-brewery-front\unoesc-app\node_modules as its parent node_modules
358 verbose linkBins bcrypt@0.8.5
359 verbose linkMans bcrypt@0.8.5
360 silly doSerial global-link 0
361 silly doParallel update-linked 0
362 silly doSerial install 3
363 silly install bindings@1.2.1 C:\node\unoesc-brewery-front\unoesc-app\node_modules\.staging\bindings-92c9b85d
364 info lifecycle bindings@1.2.1~install: bindings@1.2.1
365 silly lifecycle bindings@1.2.1~install: no script for install, continuing
366 silly install nan@2.0.5 C:\node\unoesc-brewery-front\unoesc-app\node_modules\.staging\nan-3a99e40a
367 info lifecycle nan@2.0.5~install: nan@2.0.5
368 silly lifecycle nan@2.0.5~install: no script for install, continuing
369 silly install bcrypt@0.8.5 C:\node\unoesc-brewery-front\unoesc-app\node_modules\.staging\bcrypt-3401d1b6
370 info lifecycle bcrypt@0.8.5~install: bcrypt@0.8.5
371 verbose lifecycle bcrypt@0.8.5~install: unsafe-perm in lifecycle true
372 verbose lifecycle bcrypt@0.8.5~install: PATH: C:\Program Files\nodejs\node_modules\npm\bin\node-gyp-bin;C:\node\unoesc-brewery-front\unoesc-app\node_modules\bcrypt\node_modules\.bin;C:\node\unoesc-brewery-front\unoesc-app\node_modules\.bin;C:\Users\Administrador\AppData\Roaming\npm;C:\Program Files\nodejs\;C:\ProgramData\Oracle\Java\javapath;C:\Program Files (x86)\Intel\iCLS Client\;C:\Program Files\Intel\iCLS Client\;C:\Windows\system32;C:\Windows;C:\Windows\System32\Wbem;C:\Windows\System32\WindowsPowerShell\v1.0\;C:\Program Files\Intel\Intel(R) Management Engine Components\DAL;C:\Program Files (x86)\Intel\Intel(R) Management Engine Components\DAL;C:\Program Files\Intel\Intel(R) Management Engine Components\IPT;C:\Program Files (x86)\Intel\Intel(R) Management Engine Components\IPT;c:\Program Files (x86)\ATI Technologies\ATI.ACE\Core-Static;C:\Program Files\TortoiseSVN\bin;C:\ATG\ATG11.1\MySQL\win32\bin;C:\Endeca\PlatformServices\11.1.0\perl;C:\Endeca\PlatformServices\11.1.0\perl\5.8.3\bin;C:\Endeca\PlatformServices\11.1.0\bin;C:\Endeca\PlatformServices\11.1.0\j2sdk\jre\bin\server;C:\Endeca\PlatformServices\11.1.0\utilities;C:\ATG\ATG11.0\MySQL\win32\bin;C:\Program Files\nodejs;C:\Program Files\MongoDB\Server\3.0\bin;C:\ATG\ATG11.1\DAS\lib\classes.jar;C:\Program Files (x86)\Skype\Phone;C:\Program Files\Java\jdk1.7.0_80\bin;C:\Program Files (x86)\Skype\Phone\;C:\Program Files\Git\cmd;C:\Program Files\nodejs\;C:\ATG\ATG11.1\DAS\lib\classes.jar;C:\Program Files\Java\jdk1.7.0_80\bin;C:\Users\Administrador\AppData\Roaming\npm;C:\Python27\python.exe
373 verbose lifecycle bcrypt@0.8.5~install: CWD: C:\node\unoesc-brewery-front\unoesc-app\node_modules\bcrypt
374 silly lifecycle bcrypt@0.8.5~install: Args: [ '/d /s /c', 'node-gyp rebuild' ]
375 silly lifecycle bcrypt@0.8.5~install: Returned: code: 1  signal: null
376 info lifecycle bcrypt@0.8.5~install: Failed to exec install script
377 verbose unlock done using C:\Users\Administrador\AppData\Roaming\npm-cache\_locks\staging-610e0c152b07b8ca.lock for C:\node\unoesc-brewery-front\unoesc-app\node_modules\.staging
378 silly rollbackFailedOptional Starting
379 silly rollbackFailedOptional Finishing
380 silly runTopLevelLifecycles Starting
381 silly runTopLevelLifecycles Finishing
382 silly install printInstalled
383 warn unoesc-app@1.0.0 No repository field.
384 verbose stack Error: bcrypt@0.8.5 install: `node-gyp rebuild`
384 verbose stack Exit status 1
384 verbose stack     at EventEmitter.<anonymous> (C:\Program Files\nodejs\node_modules\npm\lib\utils\lifecycle.js:232:16)
384 verbose stack     at emitTwo (events.js:100:13)
384 verbose stack     at EventEmitter.emit (events.js:185:7)
384 verbose stack     at ChildProcess.<anonymous> (C:\Program Files\nodejs\node_modules\npm\lib\utils\spawn.js:24:14)
384 verbose stack     at emitTwo (events.js:100:13)
384 verbose stack     at ChildProcess.emit (events.js:185:7)
384 verbose stack     at maybeClose (internal/child_process.js:827:16)
384 verbose stack     at Process.ChildProcess._handle.onexit (internal/child_process.js:211:5)
385 verbose pkgid bcrypt@0.8.5
386 verbose cwd C:\node\unoesc-brewery-front\unoesc-app
387 error Windows_NT 6.1.7601
388 error argv "C:\\Program Files\\nodejs\\node.exe" "C:\\Program Files\\nodejs\\node_modules\\npm\\bin\\npm-cli.js" "install" "bcrypt" "--save"
389 error node v5.6.0
390 error npm  v3.6.0
391 error code ELIFECYCLE
392 error bcrypt@0.8.5 install: `node-gyp rebuild`
392 error Exit status 1
393 error Failed at the bcrypt@0.8.5 install script 'node-gyp rebuild'.
393 error Make sure you have the latest version of node.js and npm installed.
393 error If you do, this is most likely a problem with the bcrypt package,
393 error not with npm itself.
393 error Tell the author that this fails on your system:
393 error     node-gyp rebuild
393 error You can get information on how to open an issue for this project with:
393 error     npm bugs bcrypt
393 error Or if that isn't available, you can get their info via:
393 error     npm owner ls bcrypt
393 error There is likely additional logging output above.
394 verbose exit [ 1, true ]
