0 info it worked if it ends with ok
1 verbose cli [ 'C:\\Program Files\\nodejs\\node.exe',
1 verbose cli   'C:\\Program Files\\nodejs\\node_modules\\npm\\bin\\npm-cli.js',
1 verbose cli   'install',
1 verbose cli   'bcrypt',
1 verbose cli   '--save' ]
2 info using npm@3.6.0
3 info using node@v5.6.0
4 silly loadCurrentTree Starting
5 silly install loadCurrentTree
6 silly install readLocalPackageData
7 silly fetchPackageMetaData bcrypt
8 silly fetchNamedPackageData bcrypt
9 silly mapToRegistry name bcrypt
10 silly mapToRegistry using default registry
11 silly mapToRegistry registry https://registry.npmjs.org/
12 silly mapToRegistry uri https://registry.npmjs.org/bcrypt
13 verbose request uri https://registry.npmjs.org/bcrypt
14 verbose request no auth needed
15 info attempt registry request try #1 at 20:28:58
16 verbose request id c925bdb210dc92fd
17 http request GET https://registry.npmjs.org/bcrypt
18 http 200 https://registry.npmjs.org/bcrypt
19 verbose headers { server: 'CouchDB/1.5.0 (Erlang OTP/R16B03)',
19 verbose headers   etag: '"60EA6D7GNB43T4OUT22NCTTUI"',
19 verbose headers   'content-type': 'application/json',
19 verbose headers   'cache-control': 'max-age=300',
19 verbose headers   'content-length': '74705',
19 verbose headers   'accept-ranges': 'bytes',
19 verbose headers   date: 'Sun, 28 Feb 2016 23:28:59 GMT',
19 verbose headers   via: '1.1 varnish',
19 verbose headers   age: '79',
19 verbose headers   connection: 'keep-alive',
19 verbose headers   'x-served-by': 'cache-iad2127-IAD',
19 verbose headers   'x-cache': 'HIT',
19 verbose headers   'x-cache-hits': '1',
19 verbose headers   'x-timer': 'S1456702139.541354,VS0,VE0',
19 verbose headers   vary: 'Accept' }
20 silly get cb [ 200,
20 silly get   { server: 'CouchDB/1.5.0 (Erlang OTP/R16B03)',
20 silly get     etag: '"60EA6D7GNB43T4OUT22NCTTUI"',
20 silly get     'content-type': 'application/json',
20 silly get     'cache-control': 'max-age=300',
20 silly get     'content-length': '74705',
20 silly get     'accept-ranges': 'bytes',
20 silly get     date: 'Sun, 28 Feb 2016 23:28:59 GMT',
20 silly get     via: '1.1 varnish',
20 silly get     age: '79',
20 silly get     connection: 'keep-alive',
20 silly get     'x-served-by': 'cache-iad2127-IAD',
20 silly get     'x-cache': 'HIT',
20 silly get     'x-cache-hits': '1',
20 silly get     'x-timer': 'S1456702139.541354,VS0,VE0',
20 silly get     vary: 'Accept' } ]
21 verbose get saving bcrypt to C:\Users\Administrador\AppData\Roaming\npm-cache\registry.npmjs.org\bcrypt\.cache.json
22 verbose correctMkdir C:\Users\Administrador\AppData\Roaming\npm-cache correctMkdir not in flight; initializing
23 silly install normalizeTree
24 silly loadCurrentTree Finishing
25 silly loadIdealTree Starting
26 silly install loadIdealTree
27 silly cloneCurrentTree Starting
28 silly install cloneCurrentTreeToIdealTree
29 silly cloneCurrentTree Finishing
30 silly loadShrinkwrap Starting
31 silly install loadShrinkwrap
32 silly loadShrinkwrap Finishing
33 silly loadAllDepsIntoIdealTree Starting
34 silly install loadAllDepsIntoIdealTree
35 silly resolveWithNewModule bcrypt@0.8.5 checking installable status
36 silly cache add args [ 'bcrypt', null ]
37 verbose cache add spec bcrypt
38 silly cache add parsed spec Result {
38 silly cache add   raw: 'bcrypt',
38 silly cache add   scope: null,
38 silly cache add   name: 'bcrypt',
38 silly cache add   rawSpec: '',
38 silly cache add   spec: 'latest',
38 silly cache add   type: 'tag' }
39 silly addNamed bcrypt@latest
40 verbose addNamed "latest" is being treated as a dist-tag for bcrypt
41 info addNameTag [ 'bcrypt', 'latest' ]
42 silly mapToRegistry name bcrypt
43 silly mapToRegistry using default registry
44 silly mapToRegistry registry https://registry.npmjs.org/
45 silly mapToRegistry uri https://registry.npmjs.org/bcrypt
46 verbose addNameTag registry:https://registry.npmjs.org/bcrypt not in flight; fetching
47 verbose get https://registry.npmjs.org/bcrypt not expired, no request
48 silly addNameTag next cb for bcrypt with tag latest
49 silly addNamed bcrypt@0.8.5
50 verbose addNamed "0.8.5" is a plain semver version for bcrypt
51 silly mapToRegistry name bcrypt
52 silly mapToRegistry using default registry
53 silly mapToRegistry registry https://registry.npmjs.org/
54 silly mapToRegistry uri https://registry.npmjs.org/bcrypt
55 verbose addRemoteTarball https://registry.npmjs.org/bcrypt/-/bcrypt-0.8.5.tgz not in flight; adding
56 verbose addRemoteTarball [ 'https://registry.npmjs.org/bcrypt/-/bcrypt-0.8.5.tgz',
56 verbose addRemoteTarball   '8e5b81b4db80e944f440005979ca8d58a961861d' ]
57 info retry fetch attempt 1 at 20:29:00
58 info attempt registry request try #1 at 20:29:00
59 http fetch GET https://registry.npmjs.org/bcrypt/-/bcrypt-0.8.5.tgz
60 http fetch 200 https://registry.npmjs.org/bcrypt/-/bcrypt-0.8.5.tgz
61 silly fetchAndShaCheck shasum 8e5b81b4db80e944f440005979ca8d58a961861d
62 verbose addTmpTarball C:\Users\ADMINI~1\AppData\Local\Temp\npm-1088-d930b66f\registry.npmjs.org\bcrypt\-\bcrypt-0.8.5.tgz not in flight; adding
63 verbose addTmpTarball already have metadata; skipping unpack for bcrypt@0.8.5
64 verbose correctMkdir C:\Users\Administrador\AppData\Roaming\npm-cache correctMkdir not in flight; initializing
65 silly cache afterAdd bcrypt@0.8.5
66 verbose afterAdd C:\Users\Administrador\AppData\Roaming\npm-cache\bcrypt\0.8.5\package\package.json not in flight; writing
67 verbose correctMkdir C:\Users\Administrador\AppData\Roaming\npm-cache correctMkdir not in flight; initializing
68 verbose afterAdd C:\Users\Administrador\AppData\Roaming\npm-cache\bcrypt\0.8.5\package\package.json written
69 silly fetchNamedPackageData bindings
70 silly mapToRegistry name bindings
71 silly mapToRegistry using default registry
72 silly mapToRegistry registry https://registry.npmjs.org/
73 silly mapToRegistry uri https://registry.npmjs.org/bindings
74 silly fetchNamedPackageData nan
75 silly mapToRegistry name nan
76 silly mapToRegistry using default registry
77 silly mapToRegistry registry https://registry.npmjs.org/
78 silly mapToRegistry uri https://registry.npmjs.org/nan
79 verbose request uri https://registry.npmjs.org/bindings
80 verbose request no auth needed
81 info attempt registry request try #1 at 20:29:01
82 verbose etag "1LLBF9OH58DLBEL4629U6032D"
83 http request GET https://registry.npmjs.org/bindings
84 verbose request uri https://registry.npmjs.org/nan
85 verbose request no auth needed
86 info attempt registry request try #1 at 20:29:01
87 verbose etag "7Y2U1A5TWU1O0YTKGMD4FB8ZN"
88 http request GET https://registry.npmjs.org/nan
89 http 304 https://registry.npmjs.org/bindings
90 verbose headers { date: 'Sun, 28 Feb 2016 23:29:02 GMT',
90 verbose headers   via: '1.1 varnish',
90 verbose headers   'cache-control': 'max-age=300',
90 verbose headers   etag: '"1LLBF9OH58DLBEL4629U6032D"',
90 verbose headers   age: '25',
90 verbose headers   connection: 'keep-alive',
90 verbose headers   'x-served-by': 'cache-iad2138-IAD',
90 verbose headers   'x-cache': 'HIT',
90 verbose headers   'x-cache-hits': '1',
90 verbose headers   'x-timer': 'S1456702142.172073,VS0,VE0',
90 verbose headers   vary: 'Accept' }
91 silly get cb [ 304,
91 silly get   { date: 'Sun, 28 Feb 2016 23:29:02 GMT',
91 silly get     via: '1.1 varnish',
91 silly get     'cache-control': 'max-age=300',
91 silly get     etag: '"1LLBF9OH58DLBEL4629U6032D"',
91 silly get     age: '25',
91 silly get     connection: 'keep-alive',
91 silly get     'x-served-by': 'cache-iad2138-IAD',
91 silly get     'x-cache': 'HIT',
91 silly get     'x-cache-hits': '1',
91 silly get     'x-timer': 'S1456702142.172073,VS0,VE0',
91 silly get     vary: 'Accept' } ]
92 verbose etag https://registry.npmjs.org/bindings from cache
93 verbose get saving bindings to C:\Users\Administrador\AppData\Roaming\npm-cache\registry.npmjs.org\bindings\.cache.json
94 verbose correctMkdir C:\Users\Administrador\AppData\Roaming\npm-cache correctMkdir not in flight; initializing
95 silly resolveWithNewModule bindings@1.2.1 checking installable status
96 silly cache add args [ 'bindings@1.2.1', null ]
97 verbose cache add spec bindings@1.2.1
98 silly cache add parsed spec Result {
98 silly cache add   raw: 'bindings@1.2.1',
98 silly cache add   scope: null,
98 silly cache add   name: 'bindings',
98 silly cache add   rawSpec: '1.2.1',
98 silly cache add   spec: '1.2.1',
98 silly cache add   type: 'version' }
99 silly addNamed bindings@1.2.1
100 verbose addNamed "1.2.1" is a plain semver version for bindings
101 silly mapToRegistry name bindings
102 silly mapToRegistry using default registry
103 silly mapToRegistry registry https://registry.npmjs.org/
104 silly mapToRegistry uri https://registry.npmjs.org/bindings
105 verbose addNameVersion registry:https://registry.npmjs.org/bindings not in flight; fetching
106 verbose get https://registry.npmjs.org/bindings not expired, no request
107 silly cache afterAdd bindings@1.2.1
108 verbose afterAdd C:\Users\Administrador\AppData\Roaming\npm-cache\bindings\1.2.1\package\package.json not in flight; writing
109 verbose correctMkdir C:\Users\Administrador\AppData\Roaming\npm-cache correctMkdir not in flight; initializing
110 verbose afterAdd C:\Users\Administrador\AppData\Roaming\npm-cache\bindings\1.2.1\package\package.json written
111 http 200 https://registry.npmjs.org/nan
112 verbose headers { server: 'CouchDB/1.5.0 (Erlang OTP/R16B03)',
112 verbose headers   etag: '"BAVERG4EG5W3XHF012VJBMBOB"',
112 verbose headers   'content-type': 'application/json',
112 verbose headers   'cache-control': 'max-age=300',
112 verbose headers   'content-length': '102511',
112 verbose headers   'accept-ranges': 'bytes',
112 verbose headers   date: 'Sun, 28 Feb 2016 23:29:02 GMT',
112 verbose headers   via: '1.1 varnish',
112 verbose headers   age: '126',
112 verbose headers   connection: 'keep-alive',
112 verbose headers   'x-served-by': 'cache-iad2124-IAD',
112 verbose headers   'x-cache': 'HIT',
112 verbose headers   'x-cache-hits': '4',
112 verbose headers   'x-timer': 'S1456702142.161144,VS0,VE0',
112 verbose headers   vary: 'Accept' }
113 silly get cb [ 200,
113 silly get   { server: 'CouchDB/1.5.0 (Erlang OTP/R16B03)',
113 silly get     etag: '"BAVERG4EG5W3XHF012VJBMBOB"',
113 silly get     'content-type': 'application/json',
113 silly get     'cache-control': 'max-age=300',
113 silly get     'content-length': '102511',
113 silly get     'accept-ranges': 'bytes',
113 silly get     date: 'Sun, 28 Feb 2016 23:29:02 GMT',
113 silly get     via: '1.1 varnish',
113 silly get     age: '126',
113 silly get     connection: 'keep-alive',
113 silly get     'x-served-by': 'cache-iad2124-IAD',
113 silly get     'x-cache': 'HIT',
113 silly get     'x-cache-hits': '4',
113 silly get     'x-timer': 'S1456702142.161144,VS0,VE0',
113 silly get     vary: 'Accept' } ]
114 verbose get saving nan to C:\Users\Administrador\AppData\Roaming\npm-cache\registry.npmjs.org\nan\.cache.json
115 verbose correctMkdir C:\Users\Administrador\AppData\Roaming\npm-cache correctMkdir not in flight; initializing
116 silly resolveWithNewModule nan@2.0.5 checking installable status
117 silly cache add args [ 'nan@2.0.5', null ]
118 verbose cache add spec nan@2.0.5
119 silly cache add parsed spec Result {
119 silly cache add   raw: 'nan@2.0.5',
119 silly cache add   scope: null,
119 silly cache add   name: 'nan',
119 silly cache add   rawSpec: '2.0.5',
119 silly cache add   spec: '2.0.5',
119 silly cache add   type: 'version' }
120 silly addNamed nan@2.0.5
121 verbose addNamed "2.0.5" is a plain semver version for nan
122 silly mapToRegistry name nan
123 silly mapToRegistry using default registry
124 silly mapToRegistry registry https://registry.npmjs.org/
125 silly mapToRegistry uri https://registry.npmjs.org/nan
126 verbose addNameVersion registry:https://registry.npmjs.org/nan not in flight; fetching
127 verbose get https://registry.npmjs.org/nan not expired, no request
128 silly mapToRegistry name nan
129 silly mapToRegistry using default registry
130 silly mapToRegistry registry https://registry.npmjs.org/
131 silly mapToRegistry uri https://registry.npmjs.org/nan
132 verbose addRemoteTarball https://registry.npmjs.org/nan/-/nan-2.0.5.tgz not in flight; adding
133 verbose addRemoteTarball [ 'https://registry.npmjs.org/nan/-/nan-2.0.5.tgz',
133 verbose addRemoteTarball   '365888014be1fd178db0cbfa258edf7b0cb1c408' ]
134 info retry fetch attempt 1 at 20:29:02
135 info attempt registry request try #1 at 20:29:02
136 http fetch GET https://registry.npmjs.org/nan/-/nan-2.0.5.tgz
137 http fetch 200 https://registry.npmjs.org/nan/-/nan-2.0.5.tgz
138 silly fetchAndShaCheck shasum 365888014be1fd178db0cbfa258edf7b0cb1c408
139 verbose addTmpTarball C:\Users\ADMINI~1\AppData\Local\Temp\npm-1088-d930b66f\registry.npmjs.org\nan\-\nan-2.0.5.tgz not in flight; adding
140 verbose addTmpTarball already have metadata; skipping unpack for nan@2.0.5
141 verbose correctMkdir C:\Users\Administrador\AppData\Roaming\npm-cache correctMkdir not in flight; initializing
142 silly cache afterAdd nan@2.0.5
143 verbose afterAdd C:\Users\Administrador\AppData\Roaming\npm-cache\nan\2.0.5\package\package.json not in flight; writing
144 verbose correctMkdir C:\Users\Administrador\AppData\Roaming\npm-cache correctMkdir not in flight; initializing
145 verbose afterAdd C:\Users\Administrador\AppData\Roaming\npm-cache\nan\2.0.5\package\package.json written
146 silly loadAllDepsIntoIdealTree Finishing
147 silly idealTree:prePrune unoesc-app-front
147 silly idealTree:prePrune +-- bcrypt@0.8.5
147 silly idealTree:prePrune +-- bindings@1.2.1
147 silly idealTree:prePrune `-- nan@2.0.5
148 silly loadIdealTree Finishing
149 silly currentTree unoesc-app-front
150 silly idealTree unoesc-app-front
150 silly idealTree +-- bcrypt@0.8.5
150 silly idealTree +-- bindings@1.2.1
150 silly idealTree `-- nan@2.0.5
151 silly generateActionsToTake Starting
152 silly install generateActionsToTake
153 silly generateActionsToTake Finishing
154 silly diffTrees action count 3
155 silly diffTrees add bindings@1.2.1
156 silly diffTrees add nan@2.0.5
157 silly diffTrees add bcrypt@0.8.5
158 silly decomposeActions action count 24
159 silly decomposeActions fetch bindings@1.2.1
160 silly decomposeActions extract bindings@1.2.1
161 silly decomposeActions test bindings@1.2.1
162 silly decomposeActions preinstall bindings@1.2.1
163 silly decomposeActions build bindings@1.2.1
164 silly decomposeActions install bindings@1.2.1
165 silly decomposeActions postinstall bindings@1.2.1
166 silly decomposeActions finalize bindings@1.2.1
167 silly decomposeActions fetch nan@2.0.5
168 silly decomposeActions extract nan@2.0.5
169 silly decomposeActions test nan@2.0.5
170 silly decomposeActions preinstall nan@2.0.5
171 silly decomposeActions build nan@2.0.5
172 silly decomposeActions install nan@2.0.5
173 silly decomposeActions postinstall nan@2.0.5
174 silly decomposeActions finalize nan@2.0.5
175 silly decomposeActions fetch bcrypt@0.8.5
176 silly decomposeActions extract bcrypt@0.8.5
177 silly decomposeActions test bcrypt@0.8.5
178 silly decomposeActions preinstall bcrypt@0.8.5
179 silly decomposeActions build bcrypt@0.8.5
180 silly decomposeActions install bcrypt@0.8.5
181 silly decomposeActions postinstall bcrypt@0.8.5
182 silly decomposeActions finalize bcrypt@0.8.5
183 silly executeActions Starting
184 silly install executeActions
185 silly doSerial global-install 0
186 silly doParallel fetch 3
187 verbose correctMkdir C:\Users\Administrador\AppData\Roaming\npm-cache\_locks correctMkdir not in flight; initializing
188 verbose lock using C:\Users\Administrador\AppData\Roaming\npm-cache\_locks\staging-6b6db7cab44348e2.lock for C:\node\unoesc-brewery-front\unoesc-app-front\node_modules\.staging
189 silly doParallel extract 3
190 silly extract bindings@1.2.1
191 silly extract nan@2.0.5
192 silly extract bcrypt@0.8.5
193 verbose unbuild node_modules\.staging\bindings-cfa571df
194 verbose unbuild node_modules\.staging\nan-6e6b40a9
195 verbose unbuild node_modules\.staging\bcrypt-f2c0d619
196 silly gentlyRm C:\node\unoesc-brewery-front\unoesc-app-front\node_modules\.staging\bindings-cfa571df is being purged from base C:\node\unoesc-brewery-front\unoesc-app-front
197 verbose gentlyRm don't care about contents; nuking C:\node\unoesc-brewery-front\unoesc-app-front\node_modules\.staging\bindings-cfa571df
198 silly gentlyRm C:\node\unoesc-brewery-front\unoesc-app-front\node_modules\.staging\nan-6e6b40a9 is being purged from base C:\node\unoesc-brewery-front\unoesc-app-front
199 verbose gentlyRm don't care about contents; nuking C:\node\unoesc-brewery-front\unoesc-app-front\node_modules\.staging\nan-6e6b40a9
200 silly gentlyRm C:\node\unoesc-brewery-front\unoesc-app-front\node_modules\.staging\bcrypt-f2c0d619 is being purged from base C:\node\unoesc-brewery-front\unoesc-app-front
201 verbose gentlyRm don't care about contents; nuking C:\node\unoesc-brewery-front\unoesc-app-front\node_modules\.staging\bcrypt-f2c0d619
202 verbose tar unpack C:\Users\Administrador\AppData\Roaming\npm-cache\bindings\1.2.1\package.tgz
203 verbose tar unpacking to C:\node\unoesc-brewery-front\unoesc-app-front\node_modules\.staging\bindings-cfa571df
204 silly gentlyRm C:\node\unoesc-brewery-front\unoesc-app-front\node_modules\.staging\bindings-cfa571df is being purged
205 verbose gentlyRm don't care about contents; nuking C:\node\unoesc-brewery-front\unoesc-app-front\node_modules\.staging\bindings-cfa571df
206 verbose tar unpack C:\Users\Administrador\AppData\Roaming\npm-cache\nan\2.0.5\package.tgz
207 verbose tar unpacking to C:\node\unoesc-brewery-front\unoesc-app-front\node_modules\.staging\nan-6e6b40a9
208 silly gentlyRm C:\node\unoesc-brewery-front\unoesc-app-front\node_modules\.staging\nan-6e6b40a9 is being purged
209 verbose gentlyRm don't care about contents; nuking C:\node\unoesc-brewery-front\unoesc-app-front\node_modules\.staging\nan-6e6b40a9
210 verbose tar unpack C:\Users\Administrador\AppData\Roaming\npm-cache\bcrypt\0.8.5\package.tgz
211 verbose tar unpacking to C:\node\unoesc-brewery-front\unoesc-app-front\node_modules\.staging\bcrypt-f2c0d619
212 silly gentlyRm C:\node\unoesc-brewery-front\unoesc-app-front\node_modules\.staging\bcrypt-f2c0d619 is being purged
213 verbose gentlyRm don't care about contents; nuking C:\node\unoesc-brewery-front\unoesc-app-front\node_modules\.staging\bcrypt-f2c0d619
214 silly gunzTarPerm modes [ '777', '666' ]
215 silly gunzTarPerm modes [ '777', '666' ]
216 silly gunzTarPerm modes [ '777', '666' ]
217 silly gunzTarPerm extractEntry package.json
218 silly gunzTarPerm modified mode [ 'package.json', 420, 438 ]
219 silly gunzTarPerm extractEntry package.json
220 silly gunzTarPerm modified mode [ 'package.json', 436, 438 ]
221 silly gunzTarPerm extractEntry package.json
222 silly gunzTarPerm modified mode [ 'package.json', 420, 438 ]
223 silly gunzTarPerm extractEntry README.md
224 silly gunzTarPerm modified mode [ 'README.md', 420, 438 ]
225 silly gunzTarPerm extractEntry bindings.js
226 silly gunzTarPerm modified mode [ 'bindings.js', 420, 438 ]
227 silly gunzTarPerm extractEntry README.md
228 silly gunzTarPerm modified mode [ 'README.md', 436, 438 ]
229 silly gunzTarPerm extractEntry include_dirs.js
230 silly gunzTarPerm modified mode [ 'include_dirs.js', 436, 438 ]
231 silly gunzTarPerm extractEntry .npmignore
232 silly gunzTarPerm modified mode [ '.npmignore', 420, 438 ]
233 silly gunzTarPerm extractEntry README.md
234 silly gunzTarPerm modified mode [ 'README.md', 420, 438 ]
235 silly gunzTarPerm extractEntry nan_converters.h
236 silly gunzTarPerm modified mode [ 'nan_converters.h', 436, 438 ]
237 silly gunzTarPerm extractEntry LICENSE.md
238 silly gunzTarPerm modified mode [ 'LICENSE.md', 436, 438 ]
239 silly gunzTarPerm extractEntry .dntrc
240 silly gunzTarPerm modified mode [ '.dntrc', 436, 438 ]
241 silly gunzTarPerm extractEntry LICENSE
242 silly gunzTarPerm modified mode [ 'LICENSE', 420, 438 ]
243 silly gunzTarPerm extractEntry bcrypt.js
244 silly gunzTarPerm modified mode [ 'bcrypt.js', 420, 438 ]
245 silly gunzTarPerm extractEntry appveyor.yml
246 silly gunzTarPerm modified mode [ 'appveyor.yml', 436, 438 ]
247 silly gunzTarPerm extractEntry binding.gyp
248 silly gunzTarPerm modified mode [ 'binding.gyp', 420, 438 ]
249 silly gunzTarPerm extractEntry doc/new.md
250 silly gunzTarPerm modified mode [ 'doc/new.md', 436, 438 ]
251 silly gunzTarPerm extractEntry doc/.build.sh
252 silly gunzTarPerm modified mode [ 'doc/.build.sh', 509, 511 ]
253 silly gunzTarPerm extractEntry .travis.yml
254 silly gunzTarPerm modified mode [ '.travis.yml', 420, 438 ]
255 silly gunzTarPerm extractEntry CHANGELOG.md
256 silly gunzTarPerm modified mode [ 'CHANGELOG.md', 420, 438 ]
257 silly gunzTarPerm extractEntry doc/buffers.md
258 silly gunzTarPerm modified mode [ 'doc/buffers.md', 436, 438 ]
259 silly gunzTarPerm extractEntry doc/callback.md
260 silly gunzTarPerm modified mode [ 'doc/callback.md', 436, 438 ]
261 silly gunzTarPerm extractEntry examples/async_compare.js
262 silly gunzTarPerm modified mode [ 'examples/async_compare.js', 420, 438 ]
263 silly gunzTarPerm extractEntry examples/forever_gen_salt.js
264 silly gunzTarPerm modified mode [ 'examples/forever_gen_salt.js', 420, 438 ]
265 silly gunzTarPerm extractEntry doc/converters.md
266 silly gunzTarPerm modified mode [ 'doc/converters.md', 436, 438 ]
267 silly gunzTarPerm extractEntry doc/errors.md
268 silly gunzTarPerm modified mode [ 'doc/errors.md', 436, 438 ]
269 silly gentlyRm C:\node\unoesc-brewery-front\unoesc-app-front\node_modules\.staging\bindings-cfa571df\node_modules is being purged
270 verbose gentlyRm don't care about contents; nuking C:\node\unoesc-brewery-front\unoesc-app-front\node_modules\.staging\bindings-cfa571df\node_modules
271 silly gunzTarPerm extractEntry test/async.js
272 silly gunzTarPerm modified mode [ 'test/async.js', 420, 438 ]
273 silly gunzTarPerm extractEntry test/repetitions.js
274 silly gunzTarPerm modified mode [ 'test/repetitions.js', 420, 438 ]
275 silly gunzTarPerm extractEntry doc/maybe_types.md
276 silly gunzTarPerm modified mode [ 'doc/maybe_types.md', 436, 438 ]
277 silly gunzTarPerm extractEntry doc/methods.md
278 silly gunzTarPerm modified mode [ 'doc/methods.md', 436, 438 ]
279 silly gunzTarPerm extractEntry test/sync.js
280 silly gunzTarPerm modified mode [ 'test/sync.js', 420, 438 ]
281 silly gunzTarPerm extractEntry Makefile
282 silly gunzTarPerm modified mode [ 'Makefile', 420, 438 ]
283 silly gunzTarPerm extractEntry doc/asyncworker.md
284 silly gunzTarPerm modified mode [ 'doc/asyncworker.md', 436, 438 ]
285 silly gunzTarPerm extractEntry doc/node_misc.md
286 silly gunzTarPerm modified mode [ 'doc/node_misc.md', 436, 438 ]
287 silly gunzTarPerm extractEntry src/bcrypt.cc
288 silly gunzTarPerm modified mode [ 'src/bcrypt.cc', 420, 438 ]
289 silly gunzTarPerm extractEntry src/bcrypt_node.cc
290 silly gunzTarPerm modified mode [ 'src/bcrypt_node.cc', 420, 438 ]
291 silly gunzTarPerm extractEntry doc/persistent.md
292 silly gunzTarPerm modified mode [ 'doc/persistent.md', 436, 438 ]
293 silly gunzTarPerm extractEntry doc/scopes.md
294 silly gunzTarPerm modified mode [ 'doc/scopes.md', 436, 438 ]
295 silly gunzTarPerm extractEntry src/blowfish.cc
296 silly gunzTarPerm modified mode [ 'src/blowfish.cc', 420, 438 ]
297 silly gunzTarPerm extractEntry src/node_blf.h
298 silly gunzTarPerm modified mode [ 'src/node_blf.h', 420, 438 ]
299 silly gunzTarPerm extractEntry doc/script.md
300 silly gunzTarPerm modified mode [ 'doc/script.md', 436, 438 ]
301 silly gunzTarPerm extractEntry doc/string_bytes.md
302 silly gunzTarPerm modified mode [ 'doc/string_bytes.md', 436, 438 ]
303 silly gunzTarPerm extractEntry werker.yml
304 silly gunzTarPerm modified mode [ 'werker.yml', 420, 438 ]
305 silly gunzTarPerm extractEntry doc/v8_internals.md
306 silly gunzTarPerm modified mode [ 'doc/v8_internals.md', 436, 438 ]
307 silly gunzTarPerm extractEntry doc/v8_misc.md
308 silly gunzTarPerm modified mode [ 'doc/v8_misc.md', 436, 438 ]
309 silly gunzTarPerm extractEntry nan.h
310 silly gunzTarPerm modified mode [ 'nan.h', 436, 438 ]
311 silly gunzTarPerm extractEntry nan_callbacks.h
312 silly gunzTarPerm modified mode [ 'nan_callbacks.h', 436, 438 ]
313 silly gunzTarPerm extractEntry nan_callbacks_12_inl.h
314 silly gunzTarPerm modified mode [ 'nan_callbacks_12_inl.h', 436, 438 ]
315 silly gunzTarPerm extractEntry nan_callbacks_pre_12_inl.h
316 silly gunzTarPerm modified mode [ 'nan_callbacks_pre_12_inl.h', 436, 438 ]
317 silly gunzTarPerm extractEntry nan_converters_43_inl.h
318 silly gunzTarPerm modified mode [ 'nan_converters_43_inl.h', 436, 438 ]
319 silly gunzTarPerm extractEntry nan_converters_pre_43_inl.h
320 silly gunzTarPerm modified mode [ 'nan_converters_pre_43_inl.h', 436, 438 ]
321 silly gunzTarPerm extractEntry nan_implementation_12_inl.h
322 silly gunzTarPerm modified mode [ 'nan_implementation_12_inl.h', 436, 438 ]
323 silly gunzTarPerm extractEntry nan_implementation_pre_12_inl.h
324 silly gunzTarPerm modified mode [ 'nan_implementation_pre_12_inl.h', 436, 438 ]
325 silly gunzTarPerm extractEntry nan_maybe_43_inl.h
326 silly gunzTarPerm modified mode [ 'nan_maybe_43_inl.h', 436, 438 ]
327 silly gunzTarPerm extractEntry nan_maybe_pre_43_inl.h
328 silly gunzTarPerm modified mode [ 'nan_maybe_pre_43_inl.h', 436, 438 ]
329 silly gunzTarPerm extractEntry nan_new.h
330 silly gunzTarPerm modified mode [ 'nan_new.h', 436, 438 ]
331 silly gunzTarPerm extractEntry nan_object_wrap.h
332 silly gunzTarPerm modified mode [ 'nan_object_wrap.h', 436, 438 ]
333 silly gunzTarPerm extractEntry nan_persistent_12_inl.h
334 silly gunzTarPerm modified mode [ 'nan_persistent_12_inl.h', 436, 438 ]
335 silly gunzTarPerm extractEntry nan_persistent_pre_12_inl.h
336 silly gunzTarPerm modified mode [ 'nan_persistent_pre_12_inl.h', 436, 438 ]
337 silly gunzTarPerm extractEntry nan_string_bytes.h
338 silly gunzTarPerm modified mode [ 'nan_string_bytes.h', 436, 438 ]
339 silly gunzTarPerm extractEntry nan_weak.h
340 silly gunzTarPerm modified mode [ 'nan_weak.h', 436, 438 ]
341 silly gunzTarPerm extractEntry CHANGELOG.md
342 silly gunzTarPerm modified mode [ 'CHANGELOG.md', 436, 438 ]
343 silly gunzTarPerm extractEntry tools/package.json
344 silly gunzTarPerm modified mode [ 'tools/package.json', 436, 438 ]
345 silly gunzTarPerm extractEntry tools/README.md
346 silly gunzTarPerm modified mode [ 'tools/README.md', 436, 438 ]
347 silly gunzTarPerm extractEntry tools/1to2.js
348 silly gunzTarPerm modified mode [ 'tools/1to2.js', 509, 511 ]
349 silly gentlyRm C:\node\unoesc-brewery-front\unoesc-app-front\node_modules\.staging\bcrypt-f2c0d619\node_modules is being purged
350 verbose gentlyRm don't care about contents; nuking C:\node\unoesc-brewery-front\unoesc-app-front\node_modules\.staging\bcrypt-f2c0d619\node_modules
351 silly gentlyRm C:\node\unoesc-brewery-front\unoesc-app-front\node_modules\.staging\nan-6e6b40a9\node_modules is being purged
352 verbose gentlyRm don't care about contents; nuking C:\node\unoesc-brewery-front\unoesc-app-front\node_modules\.staging\nan-6e6b40a9\node_modules
353 silly doParallel preinstall 3
354 silly preinstall bindings@1.2.1 C:\node\unoesc-brewery-front\unoesc-app-front\node_modules\.staging\bindings-cfa571df
355 info lifecycle bindings@1.2.1~preinstall: bindings@1.2.1
356 silly preinstall nan@2.0.5 C:\node\unoesc-brewery-front\unoesc-app-front\node_modules\.staging\nan-6e6b40a9
357 info lifecycle nan@2.0.5~preinstall: nan@2.0.5
358 silly preinstall bcrypt@0.8.5 C:\node\unoesc-brewery-front\unoesc-app-front\node_modules\.staging\bcrypt-f2c0d619
359 info lifecycle bcrypt@0.8.5~preinstall: bcrypt@0.8.5
360 silly lifecycle bindings@1.2.1~preinstall: no script for preinstall, continuing
361 silly lifecycle nan@2.0.5~preinstall: no script for preinstall, continuing
362 silly lifecycle bcrypt@0.8.5~preinstall: no script for preinstall, continuing
363 silly doReverseSerial remove 0
364 silly doSerial move 0
365 silly doSerial finalize 3
366 silly finalize C:\node\unoesc-brewery-front\unoesc-app-front\node_modules\bindings
367 silly finalize C:\node\unoesc-brewery-front\unoesc-app-front\node_modules\nan
368 silly finalize C:\node\unoesc-brewery-front\unoesc-app-front\node_modules\bcrypt
369 silly doSerial build 3
370 silly build bindings@1.2.1
371 info linkStuff bindings@1.2.1
372 silly linkStuff bindings@1.2.1 has C:\node\unoesc-brewery-front\unoesc-app-front\node_modules as its parent node_modules
373 verbose linkBins bindings@1.2.1
374 verbose linkMans bindings@1.2.1
375 silly build nan@2.0.5
376 info linkStuff nan@2.0.5
377 silly linkStuff nan@2.0.5 has C:\node\unoesc-brewery-front\unoesc-app-front\node_modules as its parent node_modules
378 verbose linkBins nan@2.0.5
379 verbose linkMans nan@2.0.5
380 silly build bcrypt@0.8.5
381 info linkStuff bcrypt@0.8.5
382 silly linkStuff bcrypt@0.8.5 has C:\node\unoesc-brewery-front\unoesc-app-front\node_modules as its parent node_modules
383 verbose linkBins bcrypt@0.8.5
384 verbose linkMans bcrypt@0.8.5
385 silly doSerial global-link 0
386 silly doParallel update-linked 0
387 silly doSerial install 3
388 silly install bindings@1.2.1 C:\node\unoesc-brewery-front\unoesc-app-front\node_modules\.staging\bindings-cfa571df
389 info lifecycle bindings@1.2.1~install: bindings@1.2.1
390 silly lifecycle bindings@1.2.1~install: no script for install, continuing
391 silly install nan@2.0.5 C:\node\unoesc-brewery-front\unoesc-app-front\node_modules\.staging\nan-6e6b40a9
392 info lifecycle nan@2.0.5~install: nan@2.0.5
393 silly lifecycle nan@2.0.5~install: no script for install, continuing
394 silly install bcrypt@0.8.5 C:\node\unoesc-brewery-front\unoesc-app-front\node_modules\.staging\bcrypt-f2c0d619
395 info lifecycle bcrypt@0.8.5~install: bcrypt@0.8.5
396 verbose lifecycle bcrypt@0.8.5~install: unsafe-perm in lifecycle true
397 verbose lifecycle bcrypt@0.8.5~install: PATH: C:\Program Files\nodejs\node_modules\npm\bin\node-gyp-bin;C:\node\unoesc-brewery-front\unoesc-app-front\node_modules\bcrypt\node_modules\.bin;C:\node\unoesc-brewery-front\unoesc-app-front\node_modules\.bin;C:\Users\Administrador\AppData\Roaming\npm;C:\Program Files\nodejs\;C:\ProgramData\Oracle\Java\javapath;C:\Program Files (x86)\Intel\iCLS Client\;C:\Program Files\Intel\iCLS Client\;C:\Windows\system32;C:\Windows;C:\Windows\System32\Wbem;C:\Windows\System32\WindowsPowerShell\v1.0\;C:\Program Files\Intel\Intel(R) Management Engine Components\DAL;C:\Program Files (x86)\Intel\Intel(R) Management Engine Components\DAL;C:\Program Files\Intel\Intel(R) Management Engine Components\IPT;C:\Program Files (x86)\Intel\Intel(R) Management Engine Components\IPT;c:\Program Files (x86)\ATI Technologies\ATI.ACE\Core-Static;C:\Program Files\TortoiseSVN\bin;C:\ATG\ATG11.1\MySQL\win32\bin;C:\Endeca\PlatformServices\11.1.0\perl;C:\Endeca\PlatformServices\11.1.0\perl\5.8.3\bin;C:\Endeca\PlatformServices\11.1.0\bin;C:\Endeca\PlatformServices\11.1.0\j2sdk\jre\bin\server;C:\Endeca\PlatformServices\11.1.0\utilities;C:\ATG\ATG11.0\MySQL\win32\bin;C:\Program Files\nodejs;C:\Program Files\MongoDB\Server\3.0\bin;C:\ATG\ATG11.1\DAS\lib\classes.jar;C:\Program Files (x86)\Skype\Phone;C:\Program Files\Java\jdk1.7.0_80\bin;C:\Program Files (x86)\Skype\Phone\;C:\Program Files\Git\cmd;C:\Program Files\nodejs\;C:\ATG\ATG11.1\DAS\lib\classes.jar;C:\Program Files\Java\jdk1.7.0_80\bin;C:\Users\Administrador\AppData\Roaming\npm
398 verbose lifecycle bcrypt@0.8.5~install: CWD: C:\node\unoesc-brewery-front\unoesc-app-front\node_modules\bcrypt
399 silly lifecycle bcrypt@0.8.5~install: Args: [ '/d /s /c', 'node-gyp rebuild' ]
400 silly lifecycle bcrypt@0.8.5~install: Returned: code: 1  signal: null
401 info lifecycle bcrypt@0.8.5~install: Failed to exec install script
402 verbose unlock done using C:\Users\Administrador\AppData\Roaming\npm-cache\_locks\staging-6b6db7cab44348e2.lock for C:\node\unoesc-brewery-front\unoesc-app-front\node_modules\.staging
403 silly rollbackFailedOptional Starting
404 silly rollbackFailedOptional Finishing
405 silly runTopLevelLifecycles Starting
406 silly runTopLevelLifecycles Finishing
407 silly install printInstalled
408 warn enoent ENOENT: no such file or directory, open 'C:\node\unoesc-brewery-front\unoesc-app-front\package.json'
409 warn unoesc-app-front No description
410 warn unoesc-app-front No repository field.
411 warn unoesc-app-front No README data
412 warn unoesc-app-front No license field.
413 verbose stack Error: bcrypt@0.8.5 install: `node-gyp rebuild`
413 verbose stack Exit status 1
413 verbose stack     at EventEmitter.<anonymous> (C:\Program Files\nodejs\node_modules\npm\lib\utils\lifecycle.js:232:16)
413 verbose stack     at emitTwo (events.js:100:13)
413 verbose stack     at EventEmitter.emit (events.js:185:7)
413 verbose stack     at ChildProcess.<anonymous> (C:\Program Files\nodejs\node_modules\npm\lib\utils\spawn.js:24:14)
413 verbose stack     at emitTwo (events.js:100:13)
413 verbose stack     at ChildProcess.emit (events.js:185:7)
413 verbose stack     at maybeClose (internal/child_process.js:827:16)
413 verbose stack     at Process.ChildProcess._handle.onexit (internal/child_process.js:211:5)
414 verbose pkgid bcrypt@0.8.5
415 verbose cwd C:\node\unoesc-brewery-front\unoesc-app-front
416 error Windows_NT 6.1.7601
417 error argv "C:\\Program Files\\nodejs\\node.exe" "C:\\Program Files\\nodejs\\node_modules\\npm\\bin\\npm-cli.js" "install" "bcrypt" "--save"
418 error node v5.6.0
419 error npm  v3.6.0
420 error code ELIFECYCLE
421 error bcrypt@0.8.5 install: `node-gyp rebuild`
421 error Exit status 1
422 error Failed at the bcrypt@0.8.5 install script 'node-gyp rebuild'.
422 error Make sure you have the latest version of node.js and npm installed.
422 error If you do, this is most likely a problem with the bcrypt package,
422 error not with npm itself.
422 error Tell the author that this fails on your system:
422 error     node-gyp rebuild
422 error You can get information on how to open an issue for this project with:
422 error     npm bugs bcrypt
422 error Or if that isn't available, you can get their info via:
422 error     npm owner ls bcrypt
422 error There is likely additional logging output above.
423 verbose exit [ 1, true ]
